2024-06-06 23:25:29,994 INFO o.a.j.u.JMeterUtils: Setting Locale to en_IN
2024-06-06 23:25:30,016 INFO o.a.j.JMeter: Loading user properties from: user.properties
2024-06-06 23:25:30,017 INFO o.a.j.JMeter: Loading system properties from: system.properties
2024-06-06 23:25:30,018 INFO o.a.j.JMeter: Loading additional properties from: domain/jupiter.properties
2024-06-06 23:25:30,029 INFO o.a.j.JMeter: Copyright (c) 1998-2023 The Apache Software Foundation
2024-06-06 23:25:30,030 INFO o.a.j.JMeter: Version 5.6.2
2024-06-06 23:25:30,030 INFO o.a.j.JMeter: java.version=1.8.0_391
2024-06-06 23:25:30,030 INFO o.a.j.JMeter: java.vm.name=Java HotSpot(TM) 64-Bit Server VM
2024-06-06 23:25:30,030 INFO o.a.j.JMeter: os.name=Mac OS X
2024-06-06 23:25:30,030 INFO o.a.j.JMeter: os.arch=x86_64
2024-06-06 23:25:30,030 INFO o.a.j.JMeter: os.version=14.4.1
2024-06-06 23:25:30,030 INFO o.a.j.JMeter: file.encoding=UTF-8
2024-06-06 23:25:30,030 INFO o.a.j.JMeter: java.awt.headless=null
2024-06-06 23:25:30,030 INFO o.a.j.JMeter: Max memory     =3817865216
2024-06-06 23:25:30,030 INFO o.a.j.JMeter: Available Processors =10
2024-06-06 23:25:30,035 INFO o.a.j.JMeter: Default Locale=English (India)
2024-06-06 23:25:30,035 INFO o.a.j.JMeter: JMeter  Locale=English (India)
2024-06-06 23:25:30,035 INFO o.a.j.JMeter: JMeterHome=/Users/masabathulararao/Documents/jmeter-tool
2024-06-06 23:25:30,036 INFO o.a.j.JMeter: user.dir  =/Users/masabathulararao/Documents/jmeter-tool/bin
2024-06-06 23:25:30,036 INFO o.a.j.JMeter: PWD       =/Users/masabathulararao/Documents/jmeter-tool/bin
2024-06-06 23:25:30,038 INFO o.a.j.JMeter: IP: 192.168.1.5 Name: masabathularao-mac FullName: 192.168.1.5
2024-06-06 23:25:30,058 INFO o.a.j.JMeter: Loaded icon properties from org/apache/jmeter/images/icon.properties
2024-06-06 23:25:30,529 INFO o.a.j.JMeterGuiLauncher: Setting LAF to: com.github.weisj.darklaf.DarkLaf:com.github.weisj.darklaf.theme.IntelliJTheme
2024-06-06 23:25:34,421 INFO o.a.j.JMeterGuiLauncher: Loading file: det-graphs-venus.jmx
2024-06-06 23:25:34,427 INFO o.a.j.s.FileServer: Default base='/Users/masabathulararao/Documents/jmeter-tool/bin'
2024-06-06 23:25:34,432 INFO o.a.j.s.FileServer: Set new base='/Users/masabathulararao/Documents/jmeter-tool/bin'
2024-06-06 23:25:34,722 INFO o.a.j.s.SaveService: Testplan (JMX) version: 2.2. Testlog (JTL) version: 2.2
2024-06-06 23:25:35,123 INFO o.a.j.s.SaveService: Using SaveService properties file encoding UTF-8
2024-06-06 23:25:35,138 INFO o.a.j.s.SaveService: Using SaveService properties version 5.0
2024-06-06 23:25:35,151 INFO o.a.j.s.SaveService: Loading file: det-graphs-venus.jmx
2024-06-06 23:25:35,255 INFO o.a.j.p.h.s.HTTPSamplerBase: Parser for text/html is org.apache.jmeter.protocol.http.parser.LagartoBasedHtmlParser
2024-06-06 23:25:35,255 INFO o.a.j.p.h.s.HTTPSamplerBase: Parser for application/xhtml+xml is org.apache.jmeter.protocol.http.parser.LagartoBasedHtmlParser
2024-06-06 23:25:35,255 INFO o.a.j.p.h.s.HTTPSamplerBase: Parser for application/xml is org.apache.jmeter.protocol.http.parser.LagartoBasedHtmlParser
2024-06-06 23:25:35,255 INFO o.a.j.p.h.s.HTTPSamplerBase: Parser for text/xml is org.apache.jmeter.protocol.http.parser.LagartoBasedHtmlParser
2024-06-06 23:25:35,255 INFO o.a.j.p.h.s.HTTPSamplerBase: Parser for text/vnd.wap.wml is org.apache.jmeter.protocol.http.parser.RegexpHTMLParser
2024-06-06 23:25:35,255 INFO o.a.j.p.h.s.HTTPSamplerBase: Parser for text/css is org.apache.jmeter.protocol.http.parser.CssParser
2024-06-06 23:25:36,099 INFO o.a.j.s.FileServer: Set new base='/Users/masabathulararao/Documents/jmeter-tool/bin'
2024-06-06 23:25:39,701 INFO o.a.j.s.SampleResult: Note: Sample TimeStamps are START times
2024-06-06 23:25:39,703 INFO o.a.j.s.SampleResult: sampleresult.default.encoding is set to UTF-8
2024-06-06 23:25:39,704 INFO o.a.j.s.SampleResult: sampleresult.useNanoTime=true
2024-06-06 23:25:39,705 INFO o.a.j.s.SampleResult: sampleresult.nan2024-06-06 23:38:39,591 INFO o.a.j.e.StandardJMeterEngine: Running the test!
2024-06-06 23:38:39,604 INFO o.a.j.s.SampleEvent: List of sample_variables: []
2024-06-06 23:38:39,605 INFO o.a.j.s.SampleEvent: List of sample_variables: []
2024-06-06 23:38:39,606 INFO o.a.j.e.u.CompoundVariable: Note: Function class names must contain the string: '.functions.'
2024-06-06 23:38:39,606 INFO o.a.j.e.u.CompoundVariable: Note: Function class names must not contain the string: '.gui.'
2024-06-06 23:38:40,607 INFO o.a.j.g.u.JMeterMenuBar: setRunning(true, *local*)
2024-06-06 23:38:40,806 INFO o.a.j.e.StandardJMeterEngine: Starting ThreadGroup: 1 : Investigate
2024-06-06 23:38:40,817 INFO o.a.j.e.StandardJMeterEngine: Starting 1 threads for group Investigate.
2024-06-06 23:38:40,819 INFO o.a.j.e.StandardJMeterEngine: Thread will continue on error
2024-06-06 23:38:40,821 INFO o.a.j.t.ThreadGroup: Starting thread group... number=1 threads=1 ramp-up=0 delayedStart=false
2024-06-06 23:38:40,904 INFO o.a.j.t.ThreadGroup: Started thread group number 1
2024-06-06 23:38:40,905 INFO o.a.j.e.StandardJMeterEngine: All thread groups have been started
2024-06-06 23:38:40,970 INFO o.a.j.t.JMeterThread: Thread started: Investigate 1-1
2024-06-06 23:38:40,989 INFO o.a.j.s.FileServer: Stored: csv_inputs/investigate_queries.csv Alias: csv_inputs/investigate_queries.csv@1993507579
2024-06-06 23:38:41,069 INFO o.a.j.p.h.s.HTTPHCAbstractImpl: Local host = masabathularao-mac
2024-06-06 23:38:41,083 INFO o.a.j.p.h.s.HTTPHC4Impl: HTTP request retry count = 0
2024-06-06 23:38:41,235 INFO o.a.j.p.h.s.h.LazyLayeredConnectionSocketFactory: Setting up HTTPS TrustAll Socket Factory
2024-06-06 23:38:41,241 INFO o.a.j.u.JsseSSLManager: Using default SSL protocol: TLS
2024-06-06 23:38:41,242 INFO o.a.j.u.JsseSSLManager: SSL session context: per-thread
2024-06-06 23:38:41,973 INFO o.a.j.u.SSLManager: JmeterKeyStore Location:  type JKS
2024-06-06 23:38:41,980 INFO o.a.j.u.SSLManager: KeyStore created OK
2024-06-06 23:38:41,980 WARN o.a.j.u.SSLManager: Keystore file not found, loading empty keystore
2024-06-06 23:39:05,635 INFO o.a.j.g.a.Start: Stopping test
2024-06-06 23:39:05,705 INFO o.a.j.t.JMeterThread: Stopping: Investigate 1-1
2024-06-06 23:39:05,708 WARN o.a.j.t.JMeterThread: Interrupting: Investigate 1-1 sampler: ${name}-CheckStatus
2024-06-06 23:39:05,784 INFO o.a.j.t.JMeterThread: Thread finished: Investigate 1-1
2024-06-06 23:39:05,795 INFO o.a.j.e.StandardJMeterEngine: Notifying test listeners of end of test
2024-06-06 23:39:05,796 INFO o.a.j.s.FileServer: Close: csv_inputs/investigate_queries.csv@1993507579
2024-06-06 23:39:05,813 INFO o.a.j.g.u.JMeterMenuBar: setRunning(false, *local*)
2024-06-06 23:41:38,804 INFO o.a.j.e.StandardJMeterEngine: Running the test!
2024-06-06 23:41:38,808 INFO o.a.j.s.SampleEvent: List of sample_variables: []
2024-06-06 23:41:38,859 INFO o.a.j.g.u.JMeterMenuBar: setRunning(true, *local*)
2024-06-06 23:41:39,197 INFO o.a.j.e.StandardJMeterEngine: Starting ThreadGroup: 1 : Investigate
2024-06-06 23:41:39,203 INFO o.a.j.e.StandardJMeterEngine: Starting 1 threads for group Investigate.
2024-06-06 23:41:39,203 INFO o.a.j.e.StandardJMeterEngine: Thread will continue on error
2024-06-06 23:41:39,205 INFO o.a.j.t.ThreadGroup: Starting thread group... number=1 threads=1 ramp-up=0 delayedStart=false
2024-06-06 23:41:39,272 INFO o.a.j.t.ThreadGroup: Started thread group number 1
2024-06-06 23:41:39,274 INFO o.a.j.e.StandardJMeterEngine: All thread groups have been started
2024-06-06 23:41:39,281 INFO o.a.j.t.JMeterThread: Thread started: Investigate 1-1
2024-06-06 23:41:43,795 WARN o.a.j.p.h.v.RequestViewHTTP: Error decoding query, maybe your request parameters should be encoded: CAST(date_format (CURRENT_DATE - INTERVAL '14'day, '%Y%m%d') AS INTEGER)","type":"global","filters":{},"parameters":[],"parameterValues":{},"agentType":"asset"}
java.lang.IllegalArgumentException: URLDecoder: Illegal hex characters in escape (%) pattern - For input string: "Y%"
	at java.net.URLDecoder.decode(URLDecoder.java:194) ~[?:1.8.0_391]
	at org.apache.jmeter.protocol.http.visualizers.RequestViewHTTP.decodeQuery(RequestViewHTTP.java:341) [ApacheJMeter_http.jar:5.6.2]
	at org.apache.jmeter.protocol.http.visualizers.RequestViewHTTP.getQueryMap(RequestViewHTTP.java:312) [ApacheJMeter_http.jar:5.6.2]
	at org.apache.jmeter.protocol.http.visualizers.RequestViewHTTP.setSamplerResult(RequestViewHTTP.java:219) [ApacheJMeter_http.jar:5.6.2]
	at org.apache.jmeter.visualizers.RequestPanel.setSamplerResult(RequestPanel.java:101) [ApacheJMeter_components.jar:5.6.2]
	at org.apache.jmeter.visualizers.SamplerResultTab.setupTabPane(SamplerResultTab.java:256) [ApacheJMeter_components.jar:5.6.2]
	at org.apache.jmeter.visualizers.ViewResultsFullVisualizer.valueChanged(ViewResultsFullVisualizer.java:395) [ApacheJMeter_components.jar:5.6.2]
	at org.apache.jmeter.visualizers.ViewResultsFullVisualizer.valueChanged(ViewResultsFullVisualizer.java:373) [ApacheJMeter_components.jar:5.6.2]
	at javax.swing.JTree.fireValueChanged(JTree.java:2934) [?:1.8.0_391]
	at javax.swing.JTree$TreeSelectionRedirector.valueChanged(JTree.java:3398) [?:1.8.0_391]
	at javax.swing.tree.DefaultTreeSelectionModel.fireValueChanged(DefaultTreeSelectionModel.java:635) [?:1.8.0_391]
	at javax.swing.tree.DefaultTreeSelectionModel.notifyPathChange(DefaultTreeSelectionModel.java:1093) [?:1.8.0_391]
	at javax.swing.tree.DefaultTreeSelectionModel.setSelectionPaths(DefaultTreeSelectionModel.java:294) [?:1.8.0_391]
	at javax.swing.tree.DefaultTreeSelectionModel.setSelectionPath(DefaultTreeSelectionModel.java:188) [?:1.8.0_391]
	at javax.swing.JTree.setSelectionPath(JTree.java:1641) [?:1.8.0_391]
	at javax.swing.plaf.basic.BasicTreeUI.selectPathForEvent(BasicTreeUI.java:2393) [?:1.8.0_391]
	at javax.swing.plaf.basic.BasicTreeUI$Handler.handleSelection(BasicTreeUI.java:3609) [?:1.8.0_391]
	at javax.swing.plaf.basic.BasicTreeUI$Handler.mousePressed(BasicTreeUI.java:3548) [?:1.8.0_391]
	at java.awt.AWTEventMulticaster.mousePressed(AWTEventMulticaster.java:279) [?:1.8.0_391]
	at java.awt.Component.processMouseEvent(Component.java:6536) [?:1.8.0_391]
	at javax.swing.JComponent.processMouseEvent(JComponent.java:3318) [?:1.8.0_391]
	at java.awt.Component.processEvent(Component.java:6304) [?:1.8.0_391]
	at java.awt.Container.processEvent(Container.java:2239) [?:1.8.0_391]
	at java.awt.Component.dispatchEventImpl(Component.java:4889) [?:1.8.0_391]
	at java.awt.Container.dispatchEventImpl(Container.java:2297) [?:1.8.0_391]
	at java.awt.Component.dispatchEvent(Component.java:4711) [?:1.8.0_391]
	at java.awt.LightweightDispatcher.retargetMouseEvent(Container.java:4904) [?:1.8.0_391]
	at java.awt.LightweightDispatcher.processMouseEvent(Container.java:4532) [?:1.8.0_391]
	at java.awt.LightweightDispatcher.dispatchEvent(Container.java:4476) [?:1.8.0_391]
	at java.awt.Container.dispatchEventImpl(Container.java:2283) [?:1.8.0_391]
	at java.awt.Window.dispatchEventImpl(Window.java:2746) [?:1.8.0_391]
	at java.awt.Component.dispatchEvent(Component.java:4711) [?:1.8.0_391]
	at java.awt.EventQueue.dispatchEventImpl(EventQueue.java:760) [?:1.8.0_391]
	at java.awt.EventQueue.access$500(EventQueue.java:97) [?:1.8.0_391]
	at java.awt.EventQueue$3.run(EventQueue.java:709) [?:1.8.0_391]
	at java.awt.EventQueue$3.run(EventQueue.java:703) [?:1.8.0_391]
	at java.security.AccessController.doPrivileged(Native Method) ~[?:1.8.0_391]
	at java.security.ProtectionDomain$JavaSecurityAccessImpl.doIntersectionPrivilege(ProtectionDomain.java:74) [?:1.8.0_391]
	at java.security.ProtectionDomain$JavaSecurityAccessImpl.doIntersectionPrivilege(ProtectionDomain.java:84) [?:1.8.0_391]
	at java.awt.EventQueue$4.run(EventQueue.java:733) [?:1.8.0_391]
	at java.awt.EventQueue$4.run(EventQueue.java:731) [?:1.8.0_391]
	at java.security.AccessController.doPrivileged(Native Method) ~[?:1.8.0_391]
	at java.security.ProtectionDomain$JavaSecurityAccessImpl.doIntersectionPrivilege(ProtectionDomain.java:74) [?:1.8.0_391]
	at java.awt.EventQueue.dispatchEvent(EventQueue.java:730) [?:1.8.0_391]
	at java.awt.EventDispatchThread.pumpOneEventForFilters(EventDispatchThread.java:205) [?:1.8.0_391]
	at java.awt.EventDispatchThread.pumpEventsForFilter(EventDispatchThread.java:116) [?:1.8.0_391]
	at java.awt.EventDispatchThread.pumpEventsForHierarchy(EventDispatchThread.java:105) [?:1.8.0_391]
	at java.awt.EventDispatchThread.pumpEvents(EventDispatchThread.java:101) [?:1.8.0_391]
	at java.awt.EventDispatchThread.pumpEvents(EventDispatchThread.java:93) [?:1.8.0_391]
	at java.awt.EventDispatchThread.run(EventDispatchThread.java:82) [?:1.8.0_391]
2024-06-06 23:41:47,653 INFO o.a.j.g.a.Start: Stopping test
2024-06-06 23:41:47,702 INFO o.a.j.t.JMeterThread: Stopping: Investigate 1-1
2024-06-06 23:41:47,705 WARN o.a.j.t.JMeterThread: Interrupting: Investigate 1-1 sampler: Query1 - CheckStatus
2024-06-06 23:41:47,731 INFO o.a.j.t.JMeterThread: Thread finished: Investigate 1-1
2024-06-06 23:41:47,733 INFO o.a.j.e.StandardJMeterEngine: Notifying test listeners of end of test
2024-06-06 23:41:47,734 INFO o.a.j.g.u.JMeterMenuBar: setRunning(false, *local*)
2024-06-06 23:42:52,666 INFO o.a.j.e.StandardJMeterEngine: Running the test!
2024-06-06 23:42:52,671 INFO o.a.j.s.SampleEvent: List of sample_variables: []
2024-06-06 23:42:52,715 INFO o.a.j.g.u.JMeterMenuBar: setRunning(true, *local*)
2024-06-06 23:42:52,974 INFO o.a.j.e.StandardJMeterEngine: Starting ThreadGroup: 1 : Investigate
2024-06-06 23:42:52,981 INFO o.a.j.e.StandardJMeterEngine: Starting 1 threads for group Investigate.
2024-06-06 23:42:52,982 INFO o.a.j.e.StandardJMeterEngine: Thread will continue on error
2024-06-06 23:42:52,982 INFO o.a.j.t.ThreadGroup: Starting thread group... number=1 threads=1 ramp-up=0 delayedStart=false
2024-06-06 23:42:53,035 INFO o.a.j.t.ThreadGroup: Started thread group number 1
2024-06-06 23:42:53,035 INFO o.a.j.e.StandardJMeterEngine: All thread groups have been started
2024-06-06 23:42:53,042 INFO o.a.j.t.JMeterThread: Thread started: Investigate 1-1
2024-06-06 23:42:53,051 INFO o.a.j.s.FileServer: Stored: csv_inputs/investigate_queries.csv Alias: csv_inputs/investigate_queries.csv@468848
2024-06-06 23:42:58,539 INFO o.a.j.g.a.Start: Stopping test
2024-06-06 23:42:58,585 INFO o.a.j.t.JMeterThread: Stopping: Investigate 1-1
2024-06-06 23:42:58,591 WARN o.a.j.t.JMeterThread: Interrupting: Investigate 1-1 sampler: ${name}-CheckStatus
2024-06-06 23:42:58,625 INFO o.a.j.t.JMeterThread: Thread finished: Investigate 1-1
2024-06-06 23:42:58,630 INFO o.a.j.e.StandardJMeterEngine: Notifying test listeners of end of test
2024-06-06 23:42:58,630 INFO o.a.j.s.FileServer: Close: csv_inputs/investigate_queries.csv@468848
2024-06-06 23:42:58,632 INFO o.a.j.g.u.JMeterMenuBar: setRunning(false, *local*)
2024-06-06 23:43:34,566 INFO o.a.j.e.StandardJMeterEngine: Running the test!
2024-06-06 23:43:34,589 INFO o.a.j.s.SampleEvent: List of sample_variables: []
2024-06-06 23:43:34,652 INFO o.a.j.g.u.JMeterMenuBar: setRunning(true, *local*)
2024-06-06 23:43:34,848 INFO o.a.j.e.StandardJMeterEngine: Starting ThreadGroup: 1 : Investigate
2024-06-06 23:43:34,854 INFO o.a.j.e.StandardJMeterEngine: Starting 1 threads for group Investigate.
2024-06-06 23:43:34,854 INFO o.a.j.e.StandardJMeterEngine: Thread will continue on error
2024-06-06 23:43:34,855 INFO o.a.j.t.ThreadGroup: Starting thread group... number=1 threads=1 ramp-up=0 delayedStart=false
2024-06-06 23:43:34,909 INFO o.a.j.t.ThreadGroup: Started thread group number 1
2024-06-06 23:43:34,910 INFO o.a.j.e.StandardJMeterEngine: All thread groups have been started
2024-06-06 23:43:34,918 INFO o.a.j.t.JMeterThread: Thread started: Investigate 1-1
2024-06-06 23:43:34,927 INFO o.a.j.s.FileServer: Stored: csv_inputs/investigate_queries.csv Alias: csv_inputs/investigate_queries.csv@79776082
2024-06-06 23:43:45,299 INFO o.a.j.g.a.Start: Stopping test
2024-06-06 23:43:45,337 INFO o.a.j.t.JMeterThread: Stopping: Investigate 1-1
2024-06-06 23:43:45,341 WARN o.a.j.t.JMeterThread: Interrupting: Investigate 1-1 sampler: ${name}-CheckStatus
2024-06-06 23:43:45,381 INFO o.a.j.t.JMeterThread: Thread finished: Investigate 1-1
2024-06-06 23:43:45,386 INFO o.a.j.e.StandardJMeterEngine: Notifying test listeners of end of test
2024-06-06 23:43:45,386 INFO o.a.j.s.FileServer: Close: csv_inputs/investigate_queries.csv@79776082
2024-06-06 23:43:45,389 INFO o.a.j.g.u.JMeterMenuBar: setRunning(false, *local*)
2024-06-06 23:45:12,051 INFO o.a.j.e.StandardJMeterEngine: Running the test!
2024-06-06 23:45:12,060 INFO o.a.j.s.SampleEvent: List of sample_variables: []
2024-06-06 23:45:12,114 INFO o.a.j.g.u.JMeterMenuBar: setRunning(true, *local*)
2024-06-06 23:45:12,383 INFO o.a.j.e.StandardJMeterEngine: Starting ThreadGroup: 1 : Investigate
2024-06-06 23:45:12,392 INFO o.a.j.e.StandardJMeterEngine: Starting 1 threads for group Investigate.
2024-06-06 23:45:12,393 INFO o.a.j.e.StandardJMeterEngine: Thread will continue on error
2024-06-06 23:45:12,394 INFO o.a.j.t.ThreadGroup: Starting thread group... number=1 threads=1 ramp-up=0 delayedStart=false
2024-06-06 23:45:12,451 INFO o.a.j.t.ThreadGroup: Started thread group number 1
2024-06-06 23:45:12,452 INFO o.a.j.e.StandardJMeterEngine: All thread groups have been started
2024-06-06 23:45:12,459 INFO o.a.j.t.JMeterThread: Thread started: Investigate 1-1
2024-06-06 23:45:12,470 INFO o.a.j.s.FileServer: Stored: csv_inputs/investigate_queries.csv Alias: csv_inputs/investigate_queries.csv@998305546
2024-06-06 23:45:18,176 INFO o.a.j.g.a.Start: Stopping test
2024-06-06 23:45:18,217 INFO o.a.j.t.JMeterThread: Stopping: Investigate 1-1
2024-06-06 23:45:18,221 WARN o.a.j.t.JMeterThread: Interrupting: Investigate 1-1 sampler: ${name}-CheckStatus
2024-06-06 23:45:18,249 INFO o.a.j.t.JMeterThread: Thread finished: Investigate 1-1
2024-06-06 23:45:18,251 INFO o.a.j.e.StandardJMeterEngine: Notifying test listeners of end of test
2024-06-06 23:45:18,251 INFO o.a.j.s.FileServer: Close: csv_inputs/investigate_queries.csv@998305546
2024-06-06 23:45:18,252 INFO o.a.j.g.u.JMeterMenuBar: setRunning(false, *local*)
2024-06-06 23:45:55,918 INFO o.a.j.e.StandardJMeterEngine: Running the test!
2024-06-06 23:45:55,933 INFO o.a.j.s.SampleEvent: List of sample_variables: []
2024-06-06 23:45:55,991 INFO o.a.j.g.u.JMeterMenuBar: setRunning(true, *local*)
2024-06-06 23:45:56,200 INFO o.a.j.e.StandardJMeterEngine: Starting ThreadGroup: 1 : Investigate
2024-06-06 23:45:56,208 INFO o.a.j.e.StandardJMeterEngine: Starting 1 threads for group Investigate.
2024-06-06 23:45:56,209 INFO o.a.j.e.StandardJMeterEngine: Thread will continue on error
2024-06-06 23:45:56,210 INFO o.a.j.t.ThreadGroup: Starting thread group... number=1 threads=1 ramp-up=0 delayedStart=false
2024-06-06 23:45:56,268 INFO o.a.j.t.ThreadGroup: Started thread group number 1
2024-06-06 23:45:56,270 INFO o.a.j.e.StandardJMeterEngine: All thread groups have been started
2024-06-06 23:45:56,279 INFO o.a.j.t.JMeterThread: Thread started: Investigate 1-1
2024-06-06 23:45:56,299 INFO o.a.j.s.FileServer: Stored: csv_inputs/investigate_queries.csv Alias: csv_inputs/investigate_queries.csv@248542939
2024-06-06 23:46:01,887 INFO o.a.j.g.a.Start: Stopping test
2024-06-06 23:46:01,975 INFO o.a.j.t.JMeterThread: Stopping: Investigate 1-1
2024-06-06 23:46:01,982 WARN o.a.j.t.JMeterThread: Interrupting: Investigate 1-1 sampler: ${name}-CheckStatus
2024-06-06 23:46:02,040 INFO o.a.j.t.JMeterThread: Thread finished: Investigate 1-1
2024-06-06 23:46:02,043 INFO o.a.j.e.StandardJMeterEngine: Notifying test listeners of end of test
2024-06-06 23:46:02,044 INFO o.a.j.s.FileServer: Close: csv_inputs/investigate_queries.csv@248542939
2024-06-06 23:46:02,047 INFO o.a.j.g.u.JMeterMenuBar: setRunning(false, *local*)
2024-06-06 23:46:08,033 INFO o.a.j.e.StandardJMeterEngine: Running the test!
2024-06-06 23:46:08,035 INFO o.a.j.s.SampleEvent: List of sample_variables: []
2024-06-06 23:46:08,050 INFO o.a.j.g.u.JMeterMenuBar: setRunning(true, *local*)
2024-06-06 23:46:08,252 INFO o.a.j.e.StandardJMeterEngine: Starting ThreadGroup: 1 : Investigate
2024-06-06 23:46:08,260 INFO o.a.j.e.StandardJMeterEngine: Starting 1 threads for group Investigate.
2024-06-06 23:46:08,260 INFO o.a.j.e.StandardJMeterEngine: Thread will continue on error
2024-06-06 23:46:08,261 INFO o.a.j.t.ThreadGroup: Starting thread group... number=1 threads=1 ramp-up=0 delayedStart=false
2024-06-06 23:46:08,310 INFO o.a.j.t.ThreadGroup: Started thread group number 1
2024-06-06 23:46:08,311 INFO o.a.j.e.StandardJMeterEngine: All thread groups have been started
2024-06-06 23:46:08,316 INFO o.a.j.t.JMeterThread: Thread started: Investigate 1-1
2024-06-06 23:46:08,327 INFO o.a.j.s.FileServer: Stored: csv_inputs/investigate_queries.csv Alias: csv_inputs/investigate_queries.csv@1567082138
2024-06-06 23:46:12,352 INFO o.a.j.g.a.Start: Stopping test
2024-06-06 23:46:12,415 INFO o.a.j.t.JMeterThread: Stopping: Investigate 1-1
2024-06-06 23:46:12,416 WARN o.a.j.t.JMeterThread: Interrupting: Investigate 1-1 sampler: ${name}-CheckStatus
2024-06-06 23:46:12,458 INFO o.a.j.t.JMeterThread: Thread finished: Investigate 1-1
2024-06-06 23:46:12,460 INFO o.a.j.e.StandardJMeterEngine: Notifying test listeners of end of test
2024-06-06 23:46:12,460 INFO o.a.j.s.FileServer: Close: csv_inputs/investigate_queries.csv@1567082138
2024-06-06 23:46:12,465 INFO o.a.j.g.u.JMeterMenuBar: setRunning(false, *local*)
2024-06-06 23:46:39,065 INFO o.a.j.e.StandardJMeterEngine: Running the test!
2024-06-06 23:46:39,073 INFO o.a.j.s.SampleEvent: List of sample_variables: []
2024-06-06 23:46:39,141 INFO o.a.j.g.u.JMeterMenuBar: setRunning(true, *local*)
2024-06-06 23:46:39,345 INFO o.a.j.e.StandardJMeterEngine: Starting ThreadGroup: 1 : Investigate
2024-06-06 23:46:39,352 INFO o.a.j.e.StandardJMeterEngine: Starting 1 threads for group Investigate.
2024-06-06 23:46:39,353 INFO o.a.j.e.StandardJMeterEngine: Thread will continue on error
2024-06-06 23:46:39,354 INFO o.a.j.t.ThreadGroup: Starting thread group... number=1 threads=1 ramp-up=0 delayedStart=false
2024-06-06 23:46:39,417 INFO o.a.j.t.ThreadGroup: Started thread group number 1
2024-06-06 23:46:39,417 INFO o.a.j.e.StandardJMeterEngine: All thread groups have been started
2024-06-06 23:46:39,424 INFO o.a.j.t.JMeterThread: Thread started: Investigate 1-1
2024-06-06 23:46:39,436 INFO o.a.j.s.FileServer: Stored: csv_inputs/investigate_queries.csv Alias: csv_inputs/investigate_queries.csv@714974941
2024-06-06 23:46:46,973 INFO o.a.j.g.a.Start: Stopping test
2024-06-06 23:46:47,024 INFO o.a.j.t.JMeterThread: Stopping: Investigate 1-1
2024-06-06 23:46:47,028 WARN o.a.j.t.JMeterThread: Interrupting: Investigate 1-1 sampler: ${name}-CheckStatus
2024-06-06 23:46:47,053 INFO o.a.j.t.JMeterThread: Thread finished: Investigate 1-1
2024-06-06 23:46:47,055 INFO o.a.j.e.StandardJMeterEngine: Notifying test listeners of end of test
2024-06-06 23:46:47,058 INFO o.a.j.s.FileServer: Close: csv_inputs/investigate_queries.csv@714974941
2024-06-06 23:46:47,060 INFO o.a.j.g.u.JMeterMenuBar: setRunning(false, *local*)
2024-06-06 23:47:05,601 INFO o.a.j.e.StandardJMeterEngine: Running the test!
2024-06-06 23:47:05,602 INFO o.a.j.s.SampleEvent: List of sample_variables: []
2024-06-06 23:47:05,611 INFO o.a.j.g.u.JMeterMenuBar: setRunning(true, *local*)
2024-06-06 23:47:05,798 INFO o.a.j.e.StandardJMeterEngine: Starting ThreadGroup: 1 : Investigate
2024-06-06 23:47:05,806 INFO o.a.j.e.StandardJMeterEngine: Starting 1 threads for group Investigate.
2024-06-06 23:47:05,807 INFO o.a.j.e.StandardJMeterEngine: Thread will continue on error
2024-06-06 23:47:05,809 INFO o.a.j.t.ThreadGroup: Starting thread group... number=1 threads=1 ramp-up=0 delayedStart=false
2024-06-06 23:47:05,858 INFO o.a.j.t.ThreadGroup: Started thread group number 1
2024-06-06 23:47:05,859 INFO o.a.j.e.StandardJMeterEngine: All thread groups have been started
2024-06-06 23:47:05,865 INFO o.a.j.t.JMeterThread: Thread started: Investigate 1-1
2024-06-06 23:47:05,877 INFO o.a.j.s.FileServer: Stored: csv_inputs/investigate_queries.csv Alias: csv_inputs/investigate_queries.csv@789364020
2024-06-06 23:47:12,901 INFO o.a.j.g.a.Start: Stopping test
2024-06-06 23:47:12,950 INFO o.a.j.t.JMeterThread: Stopping: Investigate 1-1
2024-06-06 23:47:12,954 WARN o.a.j.t.JMeterThread: Interrupting: Investigate 1-1 sampler: ${name}-CheckStatus
2024-06-06 23:47:12,981 INFO o.a.j.t.JMeterThread: Thread finished: Investigate 1-1
2024-06-06 23:47:12,984 INFO o.a.j.e.StandardJMeterEngine: Notifying test listeners of end of test
2024-06-06 23:47:12,984 INFO o.a.j.s.FileServer: Close: csv_inputs/investigate_queries.csv@789364020
2024-06-06 23:47:12,989 INFO o.a.j.g.u.JMeterMenuBar: setRunning(false, *local*)
2024-06-06 23:49:16,680 INFO o.a.j.e.StandardJMeterEngine: Running the test!
2024-06-06 23:49:16,699 INFO o.a.j.s.SampleEvent: List of sample_variables: []
2024-06-06 23:49:16,789 INFO o.a.j.g.u.JMeterMenuBar: setRunning(true, *local*)
2024-06-06 23:49:17,025 INFO o.a.j.e.StandardJMeterEngine: Starting ThreadGroup: 1 : Investigate
2024-06-06 23:49:17,037 INFO o.a.j.e.StandardJMeterEngine: Starting 1 threads for group Investigate.
2024-06-06 23:49:17,038 INFO o.a.j.e.StandardJMeterEngine: Thread will continue on error
2024-06-06 23:49:17,040 INFO o.a.j.t.ThreadGroup: Starting thread group... number=1 threads=1 ramp-up=0 delayedStart=false
2024-06-06 23:49:17,088 INFO o.a.j.t.ThreadGroup: Started thread group number 1
2024-06-06 23:49:17,092 INFO o.a.j.e.StandardJMeterEngine: All thread groups have been started
2024-06-06 23:49:17,098 INFO o.a.j.t.JMeterThread: Thread started: Investigate 1-1
2024-06-06 23:49:17,113 INFO o.a.j.s.FileServer: Stored: csv_inputs/investigate_queries.csv Alias: csv_inputs/investigate_queries.csv@507948825
2024-06-06 23:49:42,565 INFO o.a.j.g.a.Start: Stopping test
2024-06-06 23:49:42,622 INFO o.a.j.t.JMeterThread: Stopping: Investigate 1-1
2024-06-06 23:49:42,630 WARN o.a.j.t.JMeterThread: Interrupting: Investigate 1-1 sampler: ${name}-CheckStatus
2024-06-06 23:49:42,684 INFO o.a.j.t.JMeterThread: Thread finished: Investigate 1-1
2024-06-06 23:49:42,686 INFO o.a.j.e.StandardJMeterEngine: Notifying test listeners of end of test
2024-06-06 23:49:42,686 INFO o.a.j.s.FileServer: Close: csv_inputs/investigate_queries.csv@507948825
2024-06-06 23:49:42,690 INFO o.a.j.g.u.JMeterMenuBar: setRunning(false, *local*)
2024-06-06 23:49:44,392 INFO o.a.j.e.StandardJMeterEngine: Running the test!
2024-06-06 23:49:44,401 INFO o.a.j.s.SampleEvent: List of sample_variables: []
2024-06-06 23:49:44,471 INFO o.a.j.g.u.JMeterMenuBar: setRunning(true, *local*)
2024-06-06 23:49:44,697 INFO o.a.j.e.StandardJMeterEngine: Starting ThreadGroup: 1 : Investigate
2024-06-06 23:49:44,704 INFO o.a.j.e.StandardJMeterEngine: Starting 1 threads for group Investigate.
2024-06-06 23:49:44,704 INFO o.a.j.e.StandardJMeterEngine: Thread will continue on error
2024-06-06 23:49:44,705 INFO o.a.j.t.ThreadGroup: Starting thread group... number=1 threads=1 ramp-up=0 delayedStart=false
2024-06-06 23:49:44,749 INFO o.a.j.t.ThreadGroup: Started thread group number 1
2024-06-06 23:49:44,750 INFO o.a.j.e.StandardJMeterEngine: All thread groups have been started
2024-06-06 23:49:44,758 INFO o.a.j.t.JMeterThread: Thread started: Investigate 1-1
2024-06-06 23:49:44,774 INFO o.a.j.s.FileServer: Stored: csv_inputs/investigate_queries.csv Alias: csv_inputs/investigate_queries.csv@634150687
2024-06-06 23:49:48,820 INFO o.a.j.g.a.Start: Stopping test
2024-06-06 23:49:48,864 INFO o.a.j.t.JMeterThread: Stopping: Investigate 1-1
2024-06-06 23:49:48,866 WARN o.a.j.t.JMeterThread: Interrupting: Investigate 1-1 sampler: ${name}-CheckStatus
2024-06-06 23:49:48,899 INFO o.a.j.t.JMeterThread: Thread finished: Investigate 1-1
2024-06-06 23:49:48,900 INFO o.a.j.e.StandardJMeterEngine: Notifying test listeners of end of test
2024-06-06 23:49:48,901 INFO o.a.j.s.FileServer: Close: csv_inputs/investigate_queries.csv@634150687
2024-06-06 23:49:48,902 INFO o.a.j.g.u.JMeterMenuBar: setRunning(false, *local*)
2024-06-06 23:55:36,721 INFO o.a.j.e.StandardJMeterEngine: Running the test!
2024-06-06 23:55:36,728 INFO o.a.j.s.SampleEvent: List of sample_variables: []
2024-06-06 23:55:36,844 INFO o.a.j.g.u.JMeterMenuBar: setRunning(true, *local*)
2024-06-06 23:55:37,126 INFO o.a.j.e.StandardJMeterEngine: Starting ThreadGroup: 1 : Investigate
2024-06-06 23:55:37,133 INFO o.a.j.e.StandardJMeterEngine: Starting 1 threads for group Investigate.
2024-06-06 23:55:37,134 INFO o.a.j.e.StandardJMeterEngine: Thread will continue on error
2024-06-06 23:55:37,135 INFO o.a.j.t.ThreadGroup: Starting thread group... number=1 threads=1 ramp-up=0 delayedStart=false
2024-06-06 23:55:37,190 INFO o.a.j.t.ThreadGroup: Started thread group number 1
2024-06-06 23:55:37,194 INFO o.a.j.e.StandardJMeterEngine: All thread groups have been started
2024-06-06 23:55:37,197 INFO o.a.j.t.JMeterThread: Thread started: Investigate 1-1
2024-06-06 23:55:37,210 INFO o.a.j.s.FileServer: Stored: csv_inputs/investigate_queries.csv Alias: csv_inputs/investigate_queries.csv@1809842713
2024-06-06 23:55:41,558 INFO o.a.j.g.a.Start: Stopping test
2024-06-06 23:55:41,613 INFO o.a.j.t.JMeterThread: Stopping: Investigate 1-1
2024-06-06 23:55:41,614 WARN o.a.j.t.JMeterThread: Interrupting: Investigate 1-1 sampler: ${name}-CheckStatus
2024-06-06 23:55:41,643 INFO o.a.j.t.JMeterThread: Thread finished: Investigate 1-1
2024-06-06 23:55:41,647 INFO o.a.j.e.StandardJMeterEngine: Notifying test listeners of end of test
2024-06-06 23:55:41,647 INFO o.a.j.s.FileServer: Close: csv_inputs/investigate_queries.csv@1809842713
2024-06-06 23:55:41,648 INFO o.a.j.g.u.JMeterMenuBar: setRunning(false, *local*)
2024-06-06 23:56:02,529 INFO o.a.j.e.StandardJMeterEngine: Running the test!
2024-06-06 23:56:02,542 INFO o.a.j.s.SampleEvent: List of sample_variables: []
2024-06-06 23:56:02,588 INFO o.a.j.g.u.JMeterMenuBar: setRunning(true, *local*)
2024-06-06 23:56:02,804 INFO o.a.j.e.StandardJMeterEngine: Starting ThreadGroup: 1 : Investigate
2024-06-06 23:56:02,814 INFO o.a.j.e.StandardJMeterEngine: Starting 1 threads for group Investigate.
2024-06-06 23:56:02,815 INFO o.a.j.e.StandardJMeterEngine: Thread will continue on error
2024-06-06 23:56:02,816 INFO o.a.j.t.ThreadGroup: Starting thread group... number=1 threads=1 ramp-up=0 delayedStart=false
2024-06-06 23:56:02,862 INFO o.a.j.t.ThreadGroup: Started thread group number 1
2024-06-06 23:56:02,875 INFO o.a.j.e.StandardJMeterEngine: All thread groups have been started
2024-06-06 23:56:02,873 INFO o.a.j.t.JMeterThread: Thread started: Investigate 1-1
2024-06-06 23:56:02,886 INFO o.a.j.s.FileServer: Stored: csv_inputs/investigate_queries.csv Alias: csv_inputs/investigate_queries.csv@1395787568
2024-06-06 23:56:07,929 INFO o.a.j.g.a.Start: Stopping test
2024-06-06 23:56:07,969 INFO o.a.j.t.JMeterThread: Stopping: Investigate 1-1
2024-06-06 23:56:07,974 WARN o.a.j.t.JMeterThread: Interrupting: Investigate 1-1 sampler: ${name}-CheckStatus
2024-06-06 23:56:08,000 INFO o.a.j.t.JMeterThread: Thread finished: Investigate 1-1
2024-06-06 23:56:08,002 INFO o.a.j.e.StandardJMeterEngine: Notifying test listeners of end of test
2024-06-06 23:56:08,002 INFO o.a.j.s.FileServer: Close: csv_inputs/investigate_queries.csv@1395787568
2024-06-06 23:56:08,005 INFO o.a.j.g.u.JMeterMenuBar: setRunning(false, *local*)
2024-06-06 23:57:01,087 INFO o.a.j.e.StandardJMeterEngine: Running the test!
2024-06-06 23:57:01,099 INFO o.a.j.s.SampleEvent: List of sample_variables: []
2024-06-06 23:57:01,137 INFO o.a.j.g.u.JMeterMenuBar: setRunning(true, *local*)
2024-06-06 23:57:01,362 INFO o.a.j.e.StandardJMeterEngine: Starting ThreadGroup: 1 : Investigate
2024-06-06 23:57:01,372 INFO o.a.j.e.StandardJMeterEngine: Starting 1 threads for group Investigate.
2024-06-06 23:57:01,373 INFO o.a.j.e.StandardJMeterEngine: Thread will continue on error
2024-06-06 23:57:01,374 INFO o.a.j.t.ThreadGroup: Starting thread group... number=1 threads=1 ramp-up=0 delayedStart=false
2024-06-06 23:57:01,421 INFO o.a.j.t.ThreadGroup: Started thread group number 1
2024-06-06 23:57:01,422 INFO o.a.j.e.StandardJMeterEngine: All thread groups have been started
2024-06-06 23:57:01,435 INFO o.a.j.t.JMeterThread: Thread started: Investigate 1-1
2024-06-06 23:57:01,451 INFO o.a.j.s.FileServer: Stored: csv_inputs/investigate_queries.csv Alias: csv_inputs/investigate_queries.csv@1758501611
2024-06-06 23:57:06,659 INFO o.a.j.g.a.Start: Stopping test
2024-06-06 23:57:06,706 INFO o.a.j.t.JMeterThread: Stopping: Investigate 1-1
2024-06-06 23:57:06,707 WARN o.a.j.t.JMeterThread: Interrupting: Investigate 1-1 sampler: ${name}-CheckStatus
2024-06-06 23:57:06,728 INFO o.a.j.t.JMeterThread: Thread finished: Investigate 1-1
2024-06-06 23:57:06,730 INFO o.a.j.e.StandardJMeterEngine: Notifying test listeners of end of test
2024-06-06 23:57:06,731 INFO o.a.j.s.FileServer: Close: csv_inputs/investigate_queries.csv@1758501611
2024-06-06 23:57:06,733 INFO o.a.j.g.u.JMeterMenuBar: setRunning(false, *local*)
2024-06-06 23:57:08,710 INFO o.a.j.e.StandardJMeterEngine: Running the test!
2024-06-06 23:57:08,717 INFO o.a.j.s.SampleEvent: List of sample_variables: []
2024-06-06 23:57:08,749 INFO o.a.j.g.u.JMeterMenuBar: setRunning(true, *local*)
2024-06-06 23:57:08,959 INFO o.a.j.e.StandardJMeterEngine: Starting ThreadGroup: 1 : Investigate
2024-06-06 23:57:08,966 INFO o.a.j.e.StandardJMeterEngine: Starting 1 threads for group Investigate.
2024-06-06 23:57:08,966 INFO o.a.j.e.StandardJMeterEngine: Thread will continue on error
2024-06-06 23:57:08,967 INFO o.a.j.t.ThreadGroup: Starting thread group... number=1 threads=1 ramp-up=0 delayedStart=false
2024-06-06 23:57:09,013 INFO o.a.j.t.ThreadGroup: Started thread group number 1
2024-06-06 23:57:09,014 INFO o.a.j.e.StandardJMeterEngine: All thread groups have been started
2024-06-06 23:57:09,021 INFO o.a.j.t.JMeterThread: Thread started: Investigate 1-1
2024-06-06 23:57:09,036 INFO o.a.j.s.FileServer: Stored: csv_inputs/investigate_queries.csv Alias: csv_inputs/investigate_queries.csv@312800539
2024-06-06 23:57:11,892 INFO o.a.j.g.a.Start: Stopping test
2024-06-06 23:57:11,955 INFO o.a.j.t.JMeterThread: Stopping: Investigate 1-1
2024-06-06 23:57:11,959 WARN o.a.j.t.JMeterThread: Interrupting: Investigate 1-1 sampler: ${name}-CheckStatus
2024-06-06 23:57:12,034 INFO o.a.j.t.JMeterThread: Thread finished: Investigate 1-1
2024-06-06 23:57:12,039 INFO o.a.j.e.StandardJMeterEngine: Notifying test listeners of end of test
2024-06-06 23:57:12,039 INFO o.a.j.s.FileServer: Close: csv_inputs/investigate_queries.csv@312800539
2024-06-06 23:57:12,044 INFO o.a.j.g.u.JMeterMenuBar: setRunning(false, *local*)
2024-06-06 23:59:14,853 INFO o.a.j.e.StandardJMeterEngine: Running the test!
2024-06-06 23:59:14,861 INFO o.a.j.s.SampleEvent: List of sample_variables: []
2024-06-06 23:59:14,911 INFO o.a.j.g.u.JMeterMenuBar: setRunning(true, *local*)
2024-06-06 23:59:15,161 INFO o.a.j.e.StandardJMeterEngine: Starting ThreadGroup: 1 : Investigate
2024-06-06 23:59:15,167 INFO o.a.j.e.StandardJMeterEngine: Starting 1 threads for group Investigate.
2024-06-06 23:59:15,168 INFO o.a.j.e.StandardJMeterEngine: Thread will continue on error
2024-06-06 23:59:15,169 INFO o.a.j.t.ThreadGroup: Starting thread group... number=1 threads=1 ramp-up=0 delayedStart=false
2024-06-06 23:59:15,212 INFO o.a.j.t.ThreadGroup: Started thread group number 1
2024-06-06 23:59:15,213 INFO o.a.j.e.StandardJMeterEngine: All thread groups have been started
2024-06-06 23:59:15,231 INFO o.a.j.t.JMeterThread: Thread started: Investigate 1-1
2024-06-06 23:59:15,241 INFO o.a.j.s.FileServer: Stored: csv_inputs/investigate_queries.csv Alias: csv_inputs/investigate_queries.csv@1792652890
2024-06-06 23:59:20,308 INFO o.a.j.g.a.Start: Stopping test
2024-06-06 23:59:20,373 INFO o.a.j.t.JMeterThread: Stopping: Investigate 1-1
2024-06-06 23:59:20,380 WARN o.a.j.t.JMeterThread: Interrupting: Investigate 1-1 sampler: ${name}-CheckStatus
2024-06-06 23:59:20,414 INFO o.a.j.t.JMeterThread: Thread finished: Investigate 1-1
2024-06-06 23:59:20,416 INFO o.a.j.e.StandardJMeterEngine: Notifying test listeners of end of test
2024-06-06 23:59:20,416 INFO o.a.j.s.FileServer: Close: csv_inputs/investigate_queries.csv@1792652890
2024-06-06 23:59:20,421 INFO o.a.j.g.u.JMeterMenuBar: setRunning(false, *local*)
2024-06-06 23:59:40,002 INFO o.a.j.e.StandardJMeterEngine: Running the test!
2024-06-06 23:59:40,020 INFO o.a.j.s.SampleEvent: List of sample_variables: []
2024-06-06 23:59:40,078 INFO o.a.j.g.u.JMeterMenuBar: setRunning(true, *local*)
2024-06-06 23:59:40,277 INFO o.a.j.e.StandardJMeterEngine: Starting ThreadGroup: 1 : Investigate
2024-06-06 23:59:40,288 INFO o.a.j.e.StandardJMeterEngine: Starting 1 threads for group Investigate.
2024-06-06 23:59:40,289 INFO o.a.j.e.StandardJMeterEngine: Thread will continue on error
2024-06-06 23:59:40,291 INFO o.a.j.t.ThreadGroup: Starting thread group... number=1 threads=1 ramp-up=0 delayedStart=false
2024-06-06 23:59:40,340 INFO o.a.j.t.ThreadGroup: Started thread group number 1
2024-06-06 23:59:40,346 INFO o.a.j.e.StandardJMeterEngine: All thread groups have been started
2024-06-06 23:59:40,359 INFO o.a.j.t.JMeterThread: Thread started: Investigate 1-1
2024-06-06 23:59:40,371 INFO o.a.j.s.FileServer: Stored: csv_inputs/investigate_queries.csv Alias: csv_inputs/investigate_queries.csv@1029403003
2024-06-06 23:59:45,898 INFO o.a.j.g.a.Start: Stopping test
2024-06-06 23:59:45,944 INFO o.a.j.t.JMeterThread: Stopping: Investigate 1-1
2024-06-06 23:59:45,944 WARN o.a.j.t.JMeterThread: Interrupting: Investigate 1-1 sampler: ${name}-CheckStatus
2024-06-06 23:59:45,973 INFO o.a.j.t.JMeterThread: Thread finished: Investigate 1-1
2024-06-06 23:59:45,976 INFO o.a.j.e.StandardJMeterEngine: Notifying test listeners of end of test
2024-06-06 23:59:45,977 INFO o.a.j.s.FileServer: Close: csv_inputs/investigate_queries.csv@1029403003
2024-06-06 23:59:45,979 INFO o.a.j.g.u.JMeterMenuBar: setRunning(false, *local*)
2024-06-07 00:00:20,744 INFO o.a.j.e.StandardJMeterEngine: Running the test!
2024-06-07 00:00:20,753 INFO o.a.j.s.SampleEvent: List of sample_variables: []
2024-06-07 00:00:20,819 INFO o.a.j.g.u.JMeterMenuBar: setRunning(true, *local*)
2024-06-07 00:00:21,094 INFO o.a.j.e.StandardJMeterEngine: Starting ThreadGroup: 1 : Investigate
2024-06-07 00:00:21,107 INFO o.a.j.e.StandardJMeterEngine: Starting 1 threads for group Investigate.
2024-06-07 00:00:21,108 INFO o.a.j.e.StandardJMeterEngine: Thread will continue on error
2024-06-07 00:00:21,110 INFO o.a.j.t.ThreadGroup: Starting thread group... number=1 threads=1 ramp-up=0 delayedStart=false
2024-06-07 00:00:21,159 INFO o.a.j.t.ThreadGroup: Started thread group number 1
2024-06-07 00:00:21,159 INFO o.a.j.e.StandardJMeterEngine: All thread groups have been started
2024-06-07 00:00:21,169 INFO o.a.j.t.JMeterThread: Thread started: Investigate 1-1
2024-06-07 00:00:21,185 INFO o.a.j.s.FileServer: Stored: csv_inputs/investigate_queries.csv Alias: csv_inputs/investigate_queries.csv@532677196
2024-06-07 00:00:26,515 INFO o.a.j.g.a.Start: Stopping test
2024-06-07 00:00:26,570 INFO o.a.j.t.JMeterThread: Stopping: Investigate 1-1
2024-06-07 00:00:26,574 WARN o.a.j.t.JMeterThread: Interrupting: Investigate 1-1 sampler: ${name}-CheckStatus
2024-06-07 00:00:26,625 INFO o.a.j.t.JMeterThread: Thread finished: Investigate 1-1
2024-06-07 00:00:26,627 INFO o.a.j.e.StandardJMeterEngine: Notifying test listeners of end of test
2024-06-07 00:00:26,627 INFO o.a.j.s.FileServer: Close: csv_inputs/investigate_queries.csv@532677196
2024-06-07 00:00:26,630 INFO o.a.j.g.u.JMeterMenuBar: setRunning(false, *local*)
2024-06-07 00:00:48,551 INFO o.a.j.e.StandardJMeterEngine: Running the test!
2024-06-07 00:00:48,557 INFO o.a.j.s.SampleEvent: List of sample_variables: []
2024-06-07 00:00:48,593 INFO o.a.j.g.u.JMeterMenuBar: setRunning(true, *local*)
2024-06-07 00:00:48,818 INFO o.a.j.e.StandardJMeterEngine: Starting ThreadGroup: 1 : Investigate
2024-06-07 00:00:48,825 INFO o.a.j.e.StandardJMeterEngine: Starting 1 threads for group Investigate.
2024-06-07 00:00:48,826 INFO o.a.j.e.StandardJMeterEngine: Thread will continue on error
2024-06-07 00:00:48,827 INFO o.a.j.t.ThreadGroup: Starting thread group... number=1 threads=1 ramp-up=0 delayedStart=false
2024-06-07 00:00:48,878 INFO o.a.j.t.ThreadGroup: Started thread group number 1
2024-06-07 00:00:48,878 INFO o.a.j.e.StandardJMeterEngine: All thread groups have been started
2024-06-07 00:00:48,887 INFO o.a.j.t.JMeterThread: Thread started: Investigate 1-1
2024-06-07 00:00:48,904 INFO o.a.j.s.FileServer: Stored: csv_inputs/investigate_queries.csv Alias: csv_inputs/investigate_queries.csv@833872034
2024-06-07 00:00:50,006 INFO o.a.j.g.a.Start: Stopping test
2024-06-07 00:00:50,066 INFO o.a.j.t.JMeterThread: Stopping: Investigate 1-1
2024-06-07 00:00:50,072 WARN o.a.j.t.JMeterThread: Interrupting: Investigate 1-1 sampler: ${name}-RunQuery
2024-06-07 00:00:50,358 INFO o.a.j.t.JMeterThread: Thread finished: Investigate 1-1
2024-06-07 00:00:50,360 INFO o.a.j.e.StandardJMeterEngine: Notifying test listeners of end of test
2024-06-07 00:00:50,360 INFO o.a.j.s.FileServer: Close: csv_inputs/investigate_queries.csv@833872034
2024-06-07 00:00:50,366 INFO o.a.j.g.u.JMeterMenuBar: setRunning(false, *local*)
2024-06-07 00:00:56,592 INFO o.a.j.e.StandardJMeterEngine: Running the test!
2024-06-07 00:00:56,612 INFO o.a.j.s.SampleEvent: List of sample_variables: []
2024-06-07 00:00:56,663 INFO o.a.j.g.u.JMeterMenuBar: setRunning(true, *local*)
2024-06-07 00:00:56,829 INFO o.a.j.e.StandardJMeterEngine: Starting ThreadGroup: 1 : Investigate
2024-06-07 00:00:56,842 INFO o.a.j.e.StandardJMeterEngine: Starting 1 threads for group Investigate.
2024-06-07 00:00:56,843 INFO o.a.j.e.StandardJMeterEngine: Thread will continue on error
2024-06-07 00:00:56,844 INFO o.a.j.t.ThreadGroup: Starting thread group... number=1 threads=1 ramp-up=0 delayedStart=false
2024-06-07 00:00:56,889 INFO o.a.j.t.ThreadGroup: Started thread group number 1
2024-06-07 00:00:56,889 INFO o.a.j.e.StandardJMeterEngine: All thread groups have been started
2024-06-07 00:00:56,896 INFO o.a.j.t.JMeterThread: Thread started: Investigate 1-1
2024-06-07 00:00:56,906 INFO o.a.j.s.FileServer: Stored: csv_inputs/investigate_queries.csv Alias: csv_inputs/investigate_queries.csv@2098806555
2024-06-07 00:01:03,191 INFO o.a.j.g.a.Start: Stopping test
2024-06-07 00:01:03,234 INFO o.a.j.t.JMeterThread: Stopping: Investigate 1-1
2024-06-07 00:01:03,239 WARN o.a.j.t.JMeterThread: Interrupting: Investigate 1-1 sampler: ${name}-CheckStatus
2024-06-07 00:01:03,269 INFO o.a.j.t.JMeterThread: Thread finished: Investigate 1-1
2024-06-07 00:01:03,275 INFO o.a.j.e.StandardJMeterEngine: Notifying test listeners of end of test
2024-06-07 00:01:03,280 INFO o.a.j.s.FileServer: Close: csv_inputs/investigate_queries.csv@2098806555
2024-06-07 00:01:03,283 INFO o.a.j.g.u.JMeterMenuBar: setRunning(false, *local*)
2024-06-07 00:01:28,276 INFO o.a.j.e.StandardJMeterEngine: Running the test!
2024-06-07 00:01:28,286 INFO o.a.j.s.SampleEvent: List of sample_variables: []
2024-06-07 00:01:28,338 INFO o.a.j.g.u.JMeterMenuBar: setRunning(true, *local*)
2024-06-07 00:01:28,574 INFO o.a.j.e.StandardJMeterEngine: Starting ThreadGroup: 1 : Investigate
2024-06-07 00:01:28,582 INFO o.a.j.e.StandardJMeterEngine: Starting 1 threads for group Investigate.
2024-06-07 00:01:28,583 INFO o.a.j.e.StandardJMeterEngine: Thread will continue on error
2024-06-07 00:01:28,584 INFO o.a.j.t.ThreadGroup: Starting thread group... number=1 threads=1 ramp-up=0 delayedStart=false
2024-06-07 00:01:28,646 INFO o.a.j.t.ThreadGroup: Started thread group number 1
2024-06-07 00:01:28,647 INFO o.a.j.e.StandardJMeterEngine: All thread groups have been started
2024-06-07 00:01:28,656 INFO o.a.j.t.JMeterThread: Thread started: Investigate 1-1
2024-06-07 00:01:28,672 INFO o.a.j.s.FileServer: Stored: csv_inputs/investigate_queries.csv Alias: csv_inputs/investigate_queries.csv@1794720088
2024-06-07 00:01:43,855 INFO o.a.j.g.a.Start: Stopping test
2024-06-07 00:01:43,893 INFO o.a.j.t.JMeterThread: Stopping: Investigate 1-1
2024-06-07 00:01:43,898 WARN o.a.j.t.JMeterThread: Interrupting: Investigate 1-1 sampler: ${name}-CheckStatus
2024-06-07 00:01:43,926 INFO o.a.j.t.JMeterThread: Thread finished: Investigate 1-1
2024-06-07 00:01:43,927 INFO o.a.j.e.StandardJMeterEngine: Notifying test listeners of end of test
2024-06-07 00:01:43,928 INFO o.a.j.s.FileServer: Close: csv_inputs/investigate_queries.csv@1794720088
2024-06-07 00:01:43,929 INFO o.a.j.g.u.JMeterMenuBar: setRunning(false, *local*)
2024-06-07 00:02:33,476 INFO o.a.j.e.StandardJMeterEngine: Running the test!
2024-06-07 00:02:33,491 INFO o.a.j.s.SampleEvent: List of sample_variables: []
2024-06-07 00:02:33,556 INFO o.a.j.g.u.JMeterMenuBar: setRunning(true, *local*)
2024-06-07 00:02:33,812 INFO o.a.j.e.StandardJMeterEngine: Starting ThreadGroup: 1 : Investigate
2024-06-07 00:02:33,820 INFO o.a.j.e.StandardJMeterEngine: Starting 1 threads for group Investigate.
2024-06-07 00:02:33,822 INFO o.a.j.e.StandardJMeterEngine: Thread will continue on error
2024-06-07 00:02:33,823 INFO o.a.j.t.ThreadGroup: Starting thread group... number=1 threads=1 ramp-up=0 delayedStart=false
2024-06-07 00:02:33,928 INFO o.a.j.t.ThreadGroup: Started thread group number 1
2024-06-07 00:02:33,929 INFO o.a.j.e.StandardJMeterEngine: All thread groups have been started
2024-06-07 00:02:33,946 INFO o.a.j.t.JMeterThread: Thread started: Investigate 1-1
2024-06-07 00:02:33,965 INFO o.a.j.s.FileServer: Stored: csv_inputs/investigate_queries.csv Alias: csv_inputs/investigate_queries.csv@2032138814
2024-06-07 00:02:55,489 INFO o.a.j.g.a.Start: Stopping test
2024-06-07 00:02:55,530 INFO o.a.j.t.JMeterThread: Stopping: Investigate 1-1
2024-06-07 00:02:55,532 WARN o.a.j.t.JMeterThread: Interrupting: Investigate 1-1 sampler: ${name}-RunQuery
2024-06-07 00:02:55,764 INFO o.a.j.t.JMeterThread: Thread finished: Investigate 1-1
2024-06-07 00:02:55,766 INFO o.a.j.e.StandardJMeterEngine: Notifying test listeners of end of test
2024-06-07 00:02:55,766 INFO o.a.j.s.FileServer: Close: csv_inputs/investigate_queries.csv@2032138814
2024-06-07 00:02:55,770 INFO o.a.j.g.u.JMeterMenuBar: setRunning(false, *local*)
2024-06-07 00:03:04,867 INFO o.a.j.e.StandardJMeterEngine: Running the test!
2024-06-07 00:03:04,877 INFO o.a.j.s.SampleEvent: List of sample_variables: []
2024-06-07 00:03:04,921 INFO o.a.j.g.u.JMeterMenuBar: setRunning(true, *local*)
2024-06-07 00:03:05,126 INFO o.a.j.e.StandardJMeterEngine: Starting ThreadGroup: 1 : Investigate
2024-06-07 00:03:05,136 INFO o.a.j.e.StandardJMeterEngine: Starting 1 threads for group Investigate.
2024-06-07 00:03:05,137 INFO o.a.j.e.StandardJMeterEngine: Thread will continue on error
2024-06-07 00:03:05,138 INFO o.a.j.t.ThreadGroup: Starting thread group... number=1 threads=1 ramp-up=0 delayedStart=false
2024-06-07 00:03:05,187 INFO o.a.j.t.ThreadGroup: Started thread group number 1
2024-06-07 00:03:05,187 INFO o.a.j.e.StandardJMeterEngine: All thread groups have been started
2024-06-07 00:03:05,195 INFO o.a.j.t.JMeterThread: Thread started: Investigate 1-1
2024-06-07 00:03:05,209 INFO o.a.j.s.FileServer: Stored: csv_inputs/investigate_queries.csv Alias: csv_inputs/investigate_queries.csv@113903507
2024-06-07 00:03:11,058 INFO o.a.j.g.a.Start: Stopping test
2024-06-07 00:03:11,101 INFO o.a.j.t.JMeterThread: Stopping: Investigate 1-1
2024-06-07 00:03:11,102 WARN o.a.j.t.JMeterThread: Interrupting: Investigate 1-1 sampler: ${name}-CheckStatus
2024-06-07 00:03:11,140 INFO o.a.j.t.JMeterThread: Thread finished: Investigate 1-1
2024-06-07 00:03:11,141 INFO o.a.j.e.StandardJMeterEngine: Notifying test listeners of end of test
2024-06-07 00:03:11,141 INFO o.a.j.s.FileServer: Close: csv_inputs/investigate_queries.csv@113903507
2024-06-07 00:03:11,142 INFO o.a.j.g.u.JMeterMenuBar: setRunning(false, *local*)
2024-06-07 00:03:35,211 INFO o.a.j.e.StandardJMeterEngine: Running the test!
2024-06-07 00:03:35,223 INFO o.a.j.s.SampleEvent: List of sample_variables: []
2024-06-07 00:03:35,270 INFO o.a.j.g.u.JMeterMenuBar: setRunning(true, *local*)
2024-06-07 00:03:35,490 INFO o.a.j.e.StandardJMeterEngine: Starting ThreadGroup: 1 : Investigate
2024-06-07 00:03:35,500 INFO o.a.j.e.StandardJMeterEngine: Starting 1 threads for group Investigate.
2024-06-07 00:03:35,501 INFO o.a.j.e.StandardJMeterEngine: Thread will continue on error
2024-06-07 00:03:35,502 INFO o.a.j.t.ThreadGroup: Starting thread group... number=1 threads=1 ramp-up=0 delayedStart=false
2024-06-07 00:03:35,558 INFO o.a.j.t.ThreadGroup: Started thread group number 1
2024-06-07 00:03:35,561 INFO o.a.j.e.StandardJMeterEngine: All thread groups have been started
2024-06-07 00:03:35,568 INFO o.a.j.t.JMeterThread: Thread started: Investigate 1-1
2024-06-07 00:03:35,582 INFO o.a.j.s.FileServer: Stored: csv_inputs/investigate_queries.csv Alias: csv_inputs/investigate_queries.csv@1713917189
2024-06-07 00:03:40,840 WARN o.a.j.p.h.v.RequestViewHTTP: Error decoding query, maybe your request parameters should be encoded: CAST(date_format (CURRENT_DATE - INTERVAL '14'day, '%Y%m%d') AS INTEGER)","type":"global","filters":{},"parameters":[],"parameterValues":{},"agentType":"asset"}
java.lang.IllegalArgumentException: URLDecoder: Illegal hex characters in escape (%) pattern - For input string: "Y%"
	at java.net.URLDecoder.decode(URLDecoder.java:194) ~[?:1.8.0_391]
	at org.apache.jmeter.protocol.http.visualizers.RequestViewHTTP.decodeQuery(RequestViewHTTP.java:341) [ApacheJMeter_http.jar:5.6.2]
	at org.apache.jmeter.protocol.http.visualizers.RequestViewHTTP.getQueryMap(RequestViewHTTP.java:312) [ApacheJMeter_http.jar:5.6.2]
	at org.apache.jmeter.protocol.http.visualizers.RequestViewHTTP.setSamplerResult(RequestViewHTTP.java:219) [ApacheJMeter_http.jar:5.6.2]
	at org.apache.jmeter.visualizers.RequestPanel.setSamplerResult(RequestPanel.java:101) [ApacheJMeter_components.jar:5.6.2]
	at org.apache.jmeter.visualizers.SamplerResultTab.setupTabPane(SamplerResultTab.java:256) [ApacheJMeter_components.jar:5.6.2]
	at org.apache.jmeter.visualizers.ViewResultsFullVisualizer.valueChanged(ViewResultsFullVisualizer.java:395) [ApacheJMeter_components.jar:5.6.2]
	at org.apache.jmeter.visualizers.ViewResultsFullVisualizer.valueChanged(ViewResultsFullVisualizer.java:373) [ApacheJMeter_components.jar:5.6.2]
	at javax.swing.JTree.fireValueChanged(JTree.java:2934) [?:1.8.0_391]
	at javax.swing.JTree$TreeSelectionRedirector.valueChanged(JTree.java:3398) [?:1.8.0_391]
	at javax.swing.tree.DefaultTreeSelectionModel.fireValueChanged(DefaultTreeSelectionModel.java:635) [?:1.8.0_391]
	at javax.swing.tree.DefaultTreeSelectionModel.notifyPathChange(DefaultTreeSelectionModel.java:1093) [?:1.8.0_391]
	at javax.swing.tree.DefaultTreeSelectionModel.setSelectionPaths(DefaultTreeSelectionModel.java:294) [?:1.8.0_391]
	at javax.swing.tree.DefaultTreeSelectionModel.setSelectionPath(DefaultTreeSelectionModel.java:188) [?:1.8.0_391]
	at javax.swing.JTree.setSelectionPath(JTree.java:1641) [?:1.8.0_391]
	at javax.swing.plaf.basic.BasicTreeUI.selectPathForEvent(BasicTreeUI.java:2393) [?:1.8.0_391]
	at javax.swing.plaf.basic.BasicTreeUI$Handler.handleSelection(BasicTreeUI.java:3609) [?:1.8.0_391]
	at javax.swing.plaf.basic.BasicTreeUI$Handler.mousePressed(BasicTreeUI.java:3548) [?:1.8.0_391]
	at java.awt.AWTEventMulticaster.mousePressed(AWTEventMulticaster.java:279) [?:1.8.0_391]
	at java.awt.Component.processMouseEvent(Component.java:6536) [?:1.8.0_391]
	at javax.swing.JComponent.processMouseEvent(JComponent.java:3318) [?:1.8.0_391]
	at java.awt.Component.processEvent(Component.java:6304) [?:1.8.0_391]
	at java.awt.Container.processEvent(Container.java:2239) [?:1.8.0_391]
	at java.awt.Component.dispatchEventImpl(Component.java:4889) [?:1.8.0_391]
	at java.awt.Container.dispatchEventImpl(Container.java:2297) [?:1.8.0_391]
	at java.awt.Component.dispatchEvent(Component.java:4711) [?:1.8.0_391]
	at java.awt.LightweightDispatcher.retargetMouseEvent(Container.java:4904) [?:1.8.0_391]
	at java.awt.LightweightDispatcher.processMouseEvent(Container.java:4532) [?:1.8.0_391]
	at java.awt.LightweightDispatcher.dispatchEvent(Container.java:4476) [?:1.8.0_391]
	at java.awt.Container.dispatchEventImpl(Container.java:2283) [?:1.8.0_391]
	at java.awt.Window.dispatchEventImpl(Window.java:2746) [?:1.8.0_391]
	at java.awt.Component.dispatchEvent(Component.java:4711) [?:1.8.0_391]
	at java.awt.EventQueue.dispatchEventImpl(EventQueue.java:760) [?:1.8.0_391]
	at java.awt.EventQueue.access$500(EventQueue.java:97) [?:1.8.0_391]
	at java.awt.EventQueue$3.run(EventQueue.java:709) [?:1.8.0_391]
	at java.awt.EventQueue$3.run(EventQueue.java:703) [?:1.8.0_391]
	at java.security.AccessController.doPrivileged(Native Method) ~[?:1.8.0_391]
	at java.security.ProtectionDomain$JavaSecurityAccessImpl.doIntersectionPrivilege(ProtectionDomain.java:74) [?:1.8.0_391]
	at java.security.ProtectionDomain$JavaSecurityAccessImpl.doIntersectionPrivilege(ProtectionDomain.java:84) [?:1.8.0_391]
	at java.awt.EventQueue$4.run(EventQueue.java:733) [?:1.8.0_391]
	at java.awt.EventQueue$4.run(EventQueue.java:731) [?:1.8.0_391]
	at java.security.AccessController.doPrivileged(Native Method) ~[?:1.8.0_391]
	at java.security.ProtectionDomain$JavaSecurityAccessImpl.doIntersectionPrivilege(ProtectionDomain.java:74) [?:1.8.0_391]
	at java.awt.EventQueue.dispatchEvent(EventQueue.java:730) [?:1.8.0_391]
	at java.awt.EventDispatchThread.pumpOneEventForFilters(EventDispatchThread.java:205) [?:1.8.0_391]
	at java.awt.EventDispatchThread.pumpEventsForFilter(EventDispatchThread.java:116) [?:1.8.0_391]
	at java.awt.EventDispatchThread.pumpEventsForHierarchy(EventDispatchThread.java:105) [?:1.8.0_391]
	at java.awt.EventDispatchThread.pumpEvents(EventDispatchThread.java:101) [?:1.8.0_391]
	at java.awt.EventDispatchThread.pumpEvents(EventDispatchThread.java:93) [?:1.8.0_391]
	at java.awt.EventDispatchThread.run(EventDispatchThread.java:82) [?:1.8.0_391]
2024-06-07 00:03:40,917 INFO o.a.j.t.JMeterThread: Stop Thread seen for thread Investigate 1-1, reason: org.apache.jorphan.util.JMeterStopThreadException: End of file:csv_inputs/investigate_queries.csv detected for CSV DataSet:CSV Data Set Config configured with stopThread:true, recycle:false
2024-06-07 00:03:40,918 INFO o.a.j.t.JMeterThread: Thread finished: Investigate 1-1
2024-06-07 00:03:40,922 INFO o.a.j.e.StandardJMeterEngine: Notifying test listeners of end of test
2024-06-07 00:03:40,922 INFO o.a.j.s.FileServer: Close: csv_inputs/investigate_queries.csv@1713917189
2024-06-07 00:03:40,927 INFO o.a.j.g.u.JMeterMenuBar: setRunning(false, *local*)
2024-06-07 00:06:27,446 INFO o.a.j.e.StandardJMeterEngine: Running the test!
2024-06-07 00:06:27,458 INFO o.a.j.s.SampleEvent: List of sample_variables: []
2024-06-07 00:06:27,498 INFO o.a.j.g.u.JMeterMenuBar: setRunning(true, *local*)
2024-06-07 00:06:27,762 INFO o.a.j.e.StandardJMeterEngine: Starting ThreadGroup: 1 : Investigate
2024-06-07 00:06:27,769 INFO o.a.j.e.StandardJMeterEngine: Starting 1 threads for group Investigate.
2024-06-07 00:06:27,769 INFO o.a.j.e.StandardJMeterEngine: Thread will continue on error
2024-06-07 00:06:27,771 INFO o.a.j.t.ThreadGroup: Starting thread group... number=1 threads=1 ramp-up=0 delayedStart=false
2024-06-07 00:06:27,820 INFO o.a.j.t.ThreadGroup: Started thread group number 1
2024-06-07 00:06:27,823 INFO o.a.j.e.StandardJMeterEngine: All thread groups have been started
2024-06-07 00:06:27,834 INFO o.a.j.t.JMeterThread: Thread started: Investigate 1-1
2024-06-07 00:06:27,850 INFO o.a.j.s.FileServer: Stored: csv_inputs/investigate_queries.csv Alias: csv_inputs/investigate_queries.csv@2047705031
2024-06-07 00:06:55,946 INFO o.a.j.g.a.Start: Stopping test
2024-06-07 00:06:56,014 INFO o.a.j.t.JMeterThread: Stopping: Investigate 1-1
2024-06-07 00:06:56,025 WARN o.a.j.t.JMeterThread: Interrupting: Investigate 1-1 sampler: ${name}-CheckStatus
2024-06-07 00:06:56,084 INFO o.a.j.t.JMeterThread: Thread finished: Investigate 1-1
2024-06-07 00:06:56,087 INFO o.a.j.e.StandardJMeterEngine: Notifying test listeners of end of test
2024-06-07 00:06:56,087 INFO o.a.j.s.FileServer: Close: csv_inputs/investigate_queries.csv@2047705031
2024-06-07 00:06:56,089 INFO o.a.j.g.u.JMeterMenuBar: setRunning(false, *local*)
2024-06-07 00:06:58,179 INFO o.a.j.e.StandardJMeterEngine: Running the test!
2024-06-07 00:06:58,186 INFO o.a.j.s.SampleEvent: List of sample_variables: []
2024-06-07 00:06:58,216 INFO o.a.j.g.u.JMeterMenuBar: setRunning(true, *local*)
2024-06-07 00:06:58,437 INFO o.a.j.e.StandardJMeterEngine: Starting ThreadGroup: 1 : Investigate
2024-06-07 00:06:58,443 INFO o.a.j.e.StandardJMeterEngine: Starting 1 threads for group Investigate.
2024-06-07 00:06:58,444 INFO o.a.j.e.StandardJMeterEngine: Thread will continue on error
2024-06-07 00:06:58,448 INFO o.a.j.t.ThreadGroup: Starting thread group... number=1 threads=1 ramp-up=0 delayedStart=false
2024-06-07 00:06:58,495 INFO o.a.j.t.ThreadGroup: Started thread group number 1
2024-06-07 00:06:58,495 INFO o.a.j.e.StandardJMeterEngine: All thread groups have been started
2024-06-07 00:06:58,501 INFO o.a.j.t.JMeterThread: Thread started: Investigate 1-1
2024-06-07 00:06:58,515 INFO o.a.j.s.FileServer: Stored: csv_inputs/investigate_queries.csv Alias: csv_inputs/investigate_queries.csv@1120859105
2024-06-07 00:07:04,540 INFO o.a.j.g.a.Start: Stopping test
2024-06-07 00:07:04,589 INFO o.a.j.t.JMeterThread: Stopping: Investigate 1-1
2024-06-07 00:07:04,593 WARN o.a.j.t.JMeterThread: Interrupting: Investigate 1-1 sampler: ${name}-CheckStatus
2024-06-07 00:07:04,629 INFO o.a.j.t.JMeterThread: Thread finished: Investigate 1-1
2024-06-07 00:07:04,636 INFO o.a.j.e.StandardJMeterEngine: Notifying test listeners of end of test
2024-06-07 00:07:04,638 INFO o.a.j.s.FileServer: Close: csv_inputs/investigate_queries.csv@1120859105
2024-06-07 00:07:04,643 INFO o.a.j.g.u.JMeterMenuBar: setRunning(false, *local*)
2024-06-07 00:08:31,200 INFO o.a.j.e.StandardJMeterEngine: Running the test!
2024-06-07 00:08:31,210 INFO o.a.j.s.SampleEvent: List of sample_variables: []
2024-06-07 00:08:31,263 INFO o.a.j.g.u.JMeterMenuBar: setRunning(true, *local*)
2024-06-07 00:08:31,534 INFO o.a.j.e.StandardJMeterEngine: Starting ThreadGroup: 1 : Investigate
2024-06-07 00:08:31,541 INFO o.a.j.e.StandardJMeterEngine: Starting 1 threads for group Investigate.
2024-06-07 00:08:31,541 INFO o.a.j.e.StandardJMeterEngine: Thread will continue on error
2024-06-07 00:08:31,542 INFO o.a.j.t.ThreadGroup: Starting thread group... number=1 threads=1 ramp-up=0 delayedStart=false
2024-06-07 00:08:31,596 INFO o.a.j.t.ThreadGroup: Started thread group number 1
2024-06-07 00:08:31,596 INFO o.a.j.e.StandardJMeterEngine: All thread groups have been started
2024-06-07 00:08:31,603 INFO o.a.j.t.JMeterThread: Thread started: Investigate 1-1
2024-06-07 00:08:31,615 INFO o.a.j.s.FileServer: Stored: csv_inputs/investigate_queries.csv Alias: csv_inputs/investigate_queries.csv@1366597600
2024-06-07 00:08:33,717 WARN o.a.j.p.h.v.RequestViewHTTP: Error decoding query, maybe your request parameters should be encoded: CAST(date_format (CURRENT_DATE - INTERVAL '14'day, '%Y%m%d') AS INTEGER)","type":"global","filters":{},"parameters":[],"parameterValues":{},"agentType":"asset"}
java.lang.IllegalArgumentException: URLDecoder: Illegal hex characters in escape (%) pattern - For input string: "Y%"
	at java.net.URLDecoder.decode(URLDecoder.java:194) ~[?:1.8.0_391]
	at org.apache.jmeter.protocol.http.visualizers.RequestViewHTTP.decodeQuery(RequestViewHTTP.java:341) [ApacheJMeter_http.jar:5.6.2]
	at org.apache.jmeter.protocol.http.visualizers.RequestViewHTTP.getQueryMap(RequestViewHTTP.java:312) [ApacheJMeter_http.jar:5.6.2]
	at org.apache.jmeter.protocol.http.visualizers.RequestViewHTTP.setSamplerResult(RequestViewHTTP.java:219) [ApacheJMeter_http.jar:5.6.2]
	at org.apache.jmeter.visualizers.RequestPanel.setSamplerResult(RequestPanel.java:101) [ApacheJMeter_components.jar:5.6.2]
	at org.apache.jmeter.visualizers.SamplerResultTab.setupTabPane(SamplerResultTab.java:256) [ApacheJMeter_components.jar:5.6.2]
	at org.apache.jmeter.visualizers.ViewResultsFullVisualizer.valueChanged(ViewResultsFullVisualizer.java:395) [ApacheJMeter_components.jar:5.6.2]
	at org.apache.jmeter.visualizers.ViewResultsFullVisualizer.valueChanged(ViewResultsFullVisualizer.java:373) [ApacheJMeter_components.jar:5.6.2]
	at javax.swing.JTree.fireValueChanged(JTree.java:2934) [?:1.8.0_391]
	at javax.swing.JTree$TreeSelectionRedirector.valueChanged(JTree.java:3398) [?:1.8.0_391]
	at javax.swing.tree.DefaultTreeSelectionModel.fireValueChanged(DefaultTreeSelectionModel.java:635) [?:1.8.0_391]
	at javax.swing.tree.DefaultTreeSelectionModel.notifyPathChange(DefaultTreeSelectionModel.java:1093) [?:1.8.0_391]
	at javax.swing.tree.DefaultTreeSelectionModel.setSelectionPaths(DefaultTreeSelectionModel.java:294) [?:1.8.0_391]
	at javax.swing.tree.DefaultTreeSelectionModel.setSelectionPath(DefaultTreeSelectionModel.java:188) [?:1.8.0_391]
	at javax.swing.JTree.setSelectionPath(JTree.java:1641) [?:1.8.0_391]
	at javax.swing.plaf.basic.BasicTreeUI.selectPathForEvent(BasicTreeUI.java:2393) [?:1.8.0_391]
	at javax.swing.plaf.basic.BasicTreeUI$Handler.handleSelection(BasicTreeUI.java:3609) [?:1.8.0_391]
	at javax.swing.plaf.basic.BasicTreeUI$Handler.mousePressed(BasicTreeUI.java:3548) [?:1.8.0_391]
	at java.awt.AWTEventMulticaster.mousePressed(AWTEventMulticaster.java:279) [?:1.8.0_391]
	at java.awt.Component.processMouseEvent(Component.java:6536) [?:1.8.0_391]
	at javax.swing.JComponent.processMouseEvent(JComponent.java:3318) [?:1.8.0_391]
	at java.awt.Component.processEvent(Component.java:6304) [?:1.8.0_391]
	at java.awt.Container.processEvent(Container.java:2239) [?:1.8.0_391]
	at java.awt.Component.dispatchEventImpl(Component.java:4889) [?:1.8.0_391]
	at java.awt.Container.dispatchEventImpl(Container.java:2297) [?:1.8.0_391]
	at java.awt.Component.dispatchEvent(Component.java:4711) [?:1.8.0_391]
	at java.awt.LightweightDispatcher.retargetMouseEvent(Container.java:4904) [?:1.8.0_391]
	at java.awt.LightweightDispatcher.processMouseEvent(Container.java:4532) [?:1.8.0_391]
	at java.awt.LightweightDispatcher.dispatchEvent(Container.java:4476) [?:1.8.0_391]
	at java.awt.Container.dispatchEventImpl(Container.java:2283) [?:1.8.0_391]
	at java.awt.Window.dispatchEventImpl(Window.java:2746) [?:1.8.0_391]
	at java.awt.Component.dispatchEvent(Component.java:4711) [?:1.8.0_391]
	at java.awt.EventQueue.dispatchEventImpl(EventQueue.java:760) [?:1.8.0_391]
	at java.awt.EventQueue.access$500(EventQueue.java:97) [?:1.8.0_391]
	at java.awt.EventQueue$3.run(EventQueue.java:709) [?:1.8.0_391]
	at java.awt.EventQueue$3.run(EventQueue.java:703) [?:1.8.0_391]
	at java.security.AccessController.doPrivileged(Native Method) ~[?:1.8.0_391]
	at java.security.ProtectionDomain$JavaSecurityAccessImpl.doIntersectionPrivilege(ProtectionDomain.java:74) [?:1.8.0_391]
	at java.security.ProtectionDomain$JavaSecurityAccessImpl.doIntersectionPrivilege(ProtectionDomain.java:84) [?:1.8.0_391]
	at java.awt.EventQueue$4.run(EventQueue.java:733) [?:1.8.0_391]
	at java.awt.EventQueue$4.run(EventQueue.java:731) [?:1.8.0_391]
	at java.security.AccessController.doPrivileged(Native Method) ~[?:1.8.0_391]
	at java.security.ProtectionDomain$JavaSecurityAccessImpl.doIntersectionPrivilege(ProtectionDomain.java:74) [?:1.8.0_391]
	at java.awt.EventQueue.dispatchEvent(EventQueue.java:730) [?:1.8.0_391]
	at java.awt.EventDispatchThread.pumpOneEventForFilters(EventDispatchThread.java:205) [?:1.8.0_391]
	at java.awt.EventDispatchThread.pumpEventsForFilter(EventDispatchThread.java:116) [?:1.8.0_391]
	at java.awt.EventDispatchThread.pumpEventsForHierarchy(EventDispatchThread.java:105) [?:1.8.0_391]
	at java.awt.EventDispatchThread.pumpEvents(EventDispatchThread.java:101) [?:1.8.0_391]
	at java.awt.EventDispatchThread.pumpEvents(EventDispatchThread.java:93) [?:1.8.0_391]
	at java.awt.EventDispatchThread.run(EventDispatchThread.java:82) [?:1.8.0_391]
2024-06-07 00:08:36,950 INFO o.a.j.t.JMeterThread: Stop Thread seen for thread Investigate 1-1, reason: org.apache.jorphan.util.JMeterStopThreadException: End of file:csv_inputs/investigate_queries.csv detected for CSV DataSet:CSV Data Set Config configured with stopThread:true, recycle:false
2024-06-07 00:08:36,951 INFO o.a.j.t.JMeterThread: Thread finished: Investigate 1-1
2024-06-07 00:08:36,955 INFO o.a.j.e.StandardJMeterEngine: Notifying test listeners of end of test
2024-06-07 00:08:36,955 INFO o.a.j.s.FileServer: Close: csv_inputs/investigate_queries.csv@1366597600
2024-06-07 00:08:36,960 INFO o.a.j.g.u.JMeterMenuBar: setRunning(false, *local*)
2024-06-07 00:09:41,379 INFO o.a.j.e.StandardJMeterEngine: Running the test!
2024-06-07 00:09:41,396 INFO o.a.j.s.SampleEvent: List of sample_variables: []
2024-06-07 00:09:41,444 INFO o.a.j.g.u.JMeterMenuBar: setRunning(true, *local*)
2024-06-07 00:09:41,698 INFO o.a.j.e.StandardJMeterEngine: Starting ThreadGroup: 1 : Investigate
2024-06-07 00:09:41,705 INFO o.a.j.e.StandardJMeterEngine: Starting 1 threads for group Investigate.
2024-06-07 00:09:41,705 INFO o.a.j.e.StandardJMeterEngine: Thread will continue on error
2024-06-07 00:09:41,707 INFO o.a.j.t.ThreadGroup: Starting thread group... number=1 threads=1 ramp-up=0 delayedStart=false
2024-06-07 00:09:41,756 INFO o.a.j.t.ThreadGroup: Started thread group number 1
2024-06-07 00:09:41,757 INFO o.a.j.e.StandardJMeterEngine: All thread groups have been started
2024-06-07 00:09:41,770 INFO o.a.j.t.JMeterThread: Thread started: Investigate 1-1
2024-06-07 00:09:41,785 INFO o.a.j.s.FileServer: Stored: csv_inputs/investigate_queries.csv Alias: csv_inputs/investigate_queries.csv@190340836
2024-06-07 00:09:45,180 WARN o.a.j.p.h.v.RequestViewHTTP: Error decoding query, maybe your request parameters should be encoded: CAST(date_format (CURRENT_DATE - INTERVAL '14'day, '%Y%m%d') AS INTEGER)","type":"global","filters":{},"parameters":[],"parameterValues":{},"agentType":"asset"}
java.lang.IllegalArgumentException: URLDecoder: Illegal hex characters in escape (%) pattern - For input string: "Y%"
	at java.net.URLDecoder.decode(URLDecoder.java:194) ~[?:1.8.0_391]
	at org.apache.jmeter.protocol.http.visualizers.RequestViewHTTP.decodeQuery(RequestViewHTTP.java:341) [ApacheJMeter_http.jar:5.6.2]
	at org.apache.jmeter.protocol.http.visualizers.RequestViewHTTP.getQueryMap(RequestViewHTTP.java:312) [ApacheJMeter_http.jar:5.6.2]
	at org.apache.jmeter.protocol.http.visualizers.RequestViewHTTP.setSamplerResult(RequestViewHTTP.java:219) [ApacheJMeter_http.jar:5.6.2]
	at org.apache.jmeter.visualizers.RequestPanel.setSamplerResult(RequestPanel.java:101) [ApacheJMeter_components.jar:5.6.2]
	at org.apache.jmeter.visualizers.SamplerResultTab.setupTabPane(SamplerResultTab.java:256) [ApacheJMeter_components.jar:5.6.2]
	at org.apache.jmeter.visualizers.ViewResultsFullVisualizer.valueChanged(ViewResultsFullVisualizer.java:395) [ApacheJMeter_components.jar:5.6.2]
	at org.apache.jmeter.visualizers.ViewResultsFullVisualizer.valueChanged(ViewResultsFullVisualizer.java:373) [ApacheJMeter_components.jar:5.6.2]
	at javax.swing.JTree.fireValueChanged(JTree.java:2934) [?:1.8.0_391]
	at javax.swing.JTree$TreeSelectionRedirector.valueChanged(JTree.java:3398) [?:1.8.0_391]
	at javax.swing.tree.DefaultTreeSelectionModel.fireValueChanged(DefaultTreeSelectionModel.java:635) [?:1.8.0_391]
	at javax.swing.tree.DefaultTreeSelectionModel.notifyPathChange(DefaultTreeSelectionModel.java:1093) [?:1.8.0_391]
	at javax.swing.tree.DefaultTreeSelectionModel.setSelectionPaths(DefaultTreeSelectionModel.java:294) [?:1.8.0_391]
	at javax.swing.tree.DefaultTreeSelectionModel.setSelectionPath(DefaultTreeSelectionModel.java:188) [?:1.8.0_391]
	at javax.swing.JTree.setSelectionPath(JTree.java:1641) [?:1.8.0_391]
	at javax.swing.plaf.basic.BasicTreeUI.selectPathForEvent(BasicTreeUI.java:2393) [?:1.8.0_391]
	at javax.swing.plaf.basic.BasicTreeUI$Handler.handleSelection(BasicTreeUI.java:3609) [?:1.8.0_391]
	at javax.swing.plaf.basic.BasicTreeUI$Handler.mousePressed(BasicTreeUI.java:3548) [?:1.8.0_391]
	at java.awt.AWTEventMulticaster.mousePressed(AWTEventMulticaster.java:279) [?:1.8.0_391]
	at java.awt.Component.processMouseEvent(Component.java:6536) [?:1.8.0_391]
	at javax.swing.JComponent.processMouseEvent(JComponent.java:3318) [?:1.8.0_391]
	at java.awt.Component.processEvent(Component.java:6304) [?:1.8.0_391]
	at java.awt.Container.processEvent(Container.java:2239) [?:1.8.0_391]
	at java.awt.Component.dispatchEventImpl(Component.java:4889) [?:1.8.0_391]
	at java.awt.Container.dispatchEventImpl(Container.java:2297) [?:1.8.0_391]
	at java.awt.Component.dispatchEvent(Component.java:4711) [?:1.8.0_391]
	at java.awt.LightweightDispatcher.retargetMouseEvent(Container.java:4904) [?:1.8.0_391]
	at java.awt.LightweightDispatcher.processMouseEvent(Container.java:4532) [?:1.8.0_391]
	at java.awt.LightweightDispatcher.dispatchEvent(Container.java:4476) [?:1.8.0_391]
	at java.awt.Container.dispatchEventImpl(Container.java:2283) [?:1.8.0_391]
	at java.awt.Window.dispatchEventImpl(Window.java:2746) [?:1.8.0_391]
	at java.awt.Component.dispatchEvent(Component.java:4711) [?:1.8.0_391]
	at java.awt.EventQueue.dispatchEventImpl(EventQueue.java:760) [?:1.8.0_391]
	at java.awt.EventQueue.access$500(EventQueue.java:97) [?:1.8.0_391]
	at java.awt.EventQueue$3.run(EventQueue.java:709) [?:1.8.0_391]
	at java.awt.EventQueue$3.run(EventQueue.java:703) [?:1.8.0_391]
	at java.security.AccessController.doPrivileged(Native Method) ~[?:1.8.0_391]
	at java.security.ProtectionDomain$JavaSecurityAccessImpl.doIntersectionPrivilege(ProtectionDomain.java:74) [?:1.8.0_391]
	at java.security.ProtectionDomain$JavaSecurityAccessImpl.doIntersectionPrivilege(ProtectionDomain.java:84) [?:1.8.0_391]
	at java.awt.EventQueue$4.run(EventQueue.java:733) [?:1.8.0_391]
	at java.awt.EventQueue$4.run(EventQueue.java:731) [?:1.8.0_391]
	at java.security.AccessController.doPrivileged(Native Method) ~[?:1.8.0_391]
	at java.security.ProtectionDomain$JavaSecurityAccessImpl.doIntersectionPrivilege(ProtectionDomain.java:74) [?:1.8.0_391]
	at java.awt.EventQueue.dispatchEvent(EventQueue.java:730) [?:1.8.0_391]
	at java.awt.EventDispatchThread.pumpOneEventForFilters(EventDispatchThread.java:205) [?:1.8.0_391]
	at java.awt.EventDispatchThread.pumpEventsForFilter(EventDispatchThread.java:116) [?:1.8.0_391]
	at java.awt.EventDispatchThread.pumpEventsForHierarchy(EventDispatchThread.java:105) [?:1.8.0_391]
	at java.awt.EventDispatchThread.pumpEvents(EventDispatchThread.java:101) [?:1.8.0_391]
	at java.awt.EventDispatchThread.pumpEvents(EventDispatchThread.java:93) [?:1.8.0_391]
	at java.awt.EventDispatchThread.run(EventDispatchThread.java:82) [?:1.8.0_391]
2024-06-07 00:10:04,198 INFO o.a.j.t.JMeterThread: Stop Thread seen for thread Investigate 1-1, reason: org.apache.jorphan.util.JMeterStopThreadException: End of file:csv_inputs/investigate_queries.csv detected for CSV DataSet:CSV Data Set Config configured with stopThread:true, recycle:false
2024-06-07 00:10:04,200 INFO o.a.j.t.JMeterThread: Thread finished: Investigate 1-1
2024-06-07 00:10:04,202 INFO o.a.j.e.StandardJMeterEngine: Notifying test listeners of end of test
2024-06-07 00:10:04,202 INFO o.a.j.s.FileServer: Close: csv_inputs/investigate_queries.csv@190340836
2024-06-07 00:10:04,205 INFO o.a.j.g.u.JMeterMenuBar: setRunning(false, *local*)
2024-06-07 00:12:14,640 INFO o.a.j.e.StandardJMeterEngine: Running the test!
2024-06-07 00:12:14,653 INFO o.a.j.s.SampleEvent: List of sample_variables: []
2024-06-07 00:12:14,709 INFO o.a.j.g.u.JMeterMenuBar: setRunning(true, *local*)
2024-06-07 00:12:14,960 INFO o.a.j.e.StandardJMeterEngine: Starting ThreadGroup: 1 : Investigate
2024-06-07 00:12:14,966 INFO o.a.j.e.StandardJMeterEngine: Starting 1 threads for group Investigate.
2024-06-07 00:12:14,967 INFO o.a.j.e.StandardJMeterEngine: Thread will continue on error
2024-06-07 00:12:14,968 INFO o.a.j.t.ThreadGroup: Starting thread group... number=1 threads=1 ramp-up=0 delayedStart=false
2024-06-07 00:12:15,021 INFO o.a.j.t.ThreadGroup: Started thread group number 1
2024-06-07 00:12:15,021 INFO o.a.j.e.StandardJMeterEngine: All thread groups have been started
2024-06-07 00:12:15,028 INFO o.a.j.t.JMeterThread: Thread started: Investigate 1-1
2024-06-07 00:12:15,042 INFO o.a.j.s.FileServer: Stored: csv_inputs/investigate_queries.csv Alias: csv_inputs/investigate_queries.csv@946511690
2024-06-07 00:12:38,191 INFO o.a.j.t.JMeterThread: Stop Thread seen for thread Investigate 1-1, reason: org.apache.jorphan.util.JMeterStopThreadException: End of file:csv_inputs/investigate_queries.csv detected for CSV DataSet:CSV Data Set Config configured with stopThread:true, recycle:false
2024-06-07 00:12:38,196 INFO o.a.j.t.JMeterThread: Thread finished: Investigate 1-1
2024-06-07 00:12:38,198 INFO o.a.j.e.StandardJMeterEngine: Notifying test listeners of end of test
2024-06-07 00:12:38,198 INFO o.a.j.s.FileServer: Close: csv_inputs/investigate_queries.csv@946511690
2024-06-07 00:12:38,200 INFO o.a.j.g.u.JMeterMenuBar: setRunning(false, *local*)
2024-06-07 00:13:30,047 INFO o.a.j.e.StandardJMeterEngine: Running the test!
2024-06-07 00:13:30,051 INFO o.a.j.s.SampleEvent: List of sample_variables: []
2024-06-07 00:13:30,061 INFO o.a.j.g.u.JMeterMenuBar: setRunning(true, *local*)
2024-06-07 00:13:30,276 INFO o.a.j.e.StandardJMeterEngine: Starting ThreadGroup: 1 : Investigate
2024-06-07 00:13:30,283 INFO o.a.j.e.StandardJMeterEngine: Starting 1 threads for group Investigate.
2024-06-07 00:13:30,284 INFO o.a.j.e.StandardJMeterEngine: Thread will continue on error
2024-06-07 00:13:30,285 INFO o.a.j.t.ThreadGroup: Starting thread group... number=1 threads=1 ramp-up=0 delayedStart=false
2024-06-07 00:13:30,337 INFO o.a.j.t.ThreadGroup: Started thread group number 1
2024-06-07 00:13:30,337 INFO o.a.j.e.StandardJMeterEngine: All thread groups have been started
2024-06-07 00:13:30,344 INFO o.a.j.t.JMeterThread: Thread started: Investigate 1-1
2024-06-07 00:13:30,357 INFO o.a.j.s.FileServer: Stored: csv_inputs/investigate_queries.csv Alias: csv_inputs/investigate_queries.csv@103274061
2024-06-07 00:13:54,441 INFO o.a.j.t.JMeterThread: Stop Thread seen for thread Investigate 1-1, reason: org.apache.jorphan.util.JMeterStopThreadException: End of file:csv_inputs/investigate_queries.csv detected for CSV DataSet:CSV Data Set Config configured with stopThread:true, recycle:false
2024-06-07 00:13:54,449 INFO o.a.j.t.JMeterThread: Thread finished: Investigate 1-1
2024-06-07 00:13:54,453 INFO o.a.j.e.StandardJMeterEngine: Notifying test listeners of end of test
2024-06-07 00:13:54,453 INFO o.a.j.s.FileServer: Close: csv_inputs/investigate_queries.csv@103274061
2024-06-07 00:13:54,459 INFO o.a.j.g.u.JMeterMenuBar: setRunning(false, *local*)
2024-06-07 00:14:21,644 WARN o.a.j.p.h.v.RequestViewHTTP: Error decoding query, maybe your request parameters should be encoded: CAST(date_format (CURRENT_DATE - INTERVAL '14'day, '%Y%m%d') AS INTEGER)","type":"global","filters":{},"parameters":[],"parameterValues":{},"agentType":"asset"}
java.lang.IllegalArgumentException: URLDecoder: Illegal hex characters in escape (%) pattern - For input string: "Y%"
	at java.net.URLDecoder.decode(URLDecoder.java:194) ~[?:1.8.0_391]
	at org.apache.jmeter.protocol.http.visualizers.RequestViewHTTP.decodeQuery(RequestViewHTTP.java:341) [ApacheJMeter_http.jar:5.6.2]
	at org.apache.jmeter.protocol.http.visualizers.RequestViewHTTP.getQueryMap(RequestViewHTTP.java:312) [ApacheJMeter_http.jar:5.6.2]
	at org.apache.jmeter.protocol.http.visualizers.RequestViewHTTP.setSamplerResult(RequestViewHTTP.java:219) [ApacheJMeter_http.jar:5.6.2]
	at org.apache.jmeter.visualizers.RequestPanel.setSamplerResult(RequestPanel.java:101) [ApacheJMeter_components.jar:5.6.2]
	at org.apache.jmeter.visualizers.SamplerResultTab.setupTabPane(SamplerResultTab.java:256) [ApacheJMeter_components.jar:5.6.2]
	at org.apache.jmeter.visualizers.ViewResultsFullVisualizer.valueChanged(ViewResultsFullVisualizer.java:395) [ApacheJMeter_components.jar:5.6.2]
	at org.apache.jmeter.visualizers.ViewResultsFullVisualizer.valueChanged(ViewResultsFullVisualizer.java:373) [ApacheJMeter_components.jar:5.6.2]
	at javax.swing.JTree.fireValueChanged(JTree.java:2934) [?:1.8.0_391]
	at javax.swing.JTree$TreeSelectionRedirector.valueChanged(JTree.java:3398) [?:1.8.0_391]
	at javax.swing.tree.DefaultTreeSelectionModel.fireValueChanged(DefaultTreeSelectionModel.java:635) [?:1.8.0_391]
	at javax.swing.tree.DefaultTreeSelectionModel.notifyPathChange(DefaultTreeSelectionModel.java:1093) [?:1.8.0_391]
	at javax.swing.tree.DefaultTreeSelectionModel.setSelectionPaths(DefaultTreeSelectionModel.java:294) [?:1.8.0_391]
	at javax.swing.tree.DefaultTreeSelectionModel.setSelectionPath(DefaultTreeSelectionModel.java:188) [?:1.8.0_391]
	at javax.swing.JTree.setSelectionPath(JTree.java:1641) [?:1.8.0_391]
	at javax.swing.plaf.basic.BasicTreeUI.selectPathForEvent(BasicTreeUI.java:2393) [?:1.8.0_391]
	at javax.swing.plaf.basic.BasicTreeUI$Handler.handleSelection(BasicTreeUI.java:3609) [?:1.8.0_391]
	at javax.swing.plaf.basic.BasicTreeUI$Handler.mousePressed(BasicTreeUI.java:3548) [?:1.8.0_391]
	at java.awt.AWTEventMulticaster.mousePressed(AWTEventMulticaster.java:279) [?:1.8.0_391]
	at java.awt.Component.processMouseEvent(Component.java:6536) [?:1.8.0_391]
	at javax.swing.JComponent.processMouseEvent(JComponent.java:3318) [?:1.8.0_391]
	at java.awt.Component.processEvent(Component.java:6304) [?:1.8.0_391]
	at java.awt.Container.processEvent(Container.java:2239) [?:1.8.0_391]
	at java.awt.Component.dispatchEventImpl(Component.java:4889) [?:1.8.0_391]
	at java.awt.Container.dispatchEventImpl(Container.java:2297) [?:1.8.0_391]
	at java.awt.Component.dispatchEvent(Component.java:4711) [?:1.8.0_391]
	at java.awt.LightweightDispatcher.retargetMouseEvent(Container.java:4904) [?:1.8.0_391]
	at java.awt.LightweightDispatcher.processMouseEvent(Container.java:4532) [?:1.8.0_391]
	at java.awt.LightweightDispatcher.dispatchEvent(Container.java:4476) [?:1.8.0_391]
	at java.awt.Container.dispatchEventImpl(Container.java:2283) [?:1.8.0_391]
	at java.awt.Window.dispatchEventImpl(Window.java:2746) [?:1.8.0_391]
	at java.awt.Component.dispatchEvent(Component.java:4711) [?:1.8.0_391]
	at java.awt.EventQueue.dispatchEventImpl(EventQueue.java:760) [?:1.8.0_391]
	at java.awt.EventQueue.access$500(EventQueue.java:97) [?:1.8.0_391]
	at java.awt.EventQueue$3.run(EventQueue.java:709) [?:1.8.0_391]
	at java.awt.EventQueue$3.run(EventQueue.java:703) [?:1.8.0_391]
	at java.security.AccessController.doPrivileged(Native Method) ~[?:1.8.0_391]
	at java.security.ProtectionDomain$JavaSecurityAccessImpl.doIntersectionPrivilege(ProtectionDomain.java:74) [?:1.8.0_391]
	at java.security.ProtectionDomain$JavaSecurityAccessImpl.doIntersectionPrivilege(ProtectionDomain.java:84) [?:1.8.0_391]
	at java.awt.EventQueue$4.run(EventQueue.java:733) [?:1.8.0_391]
	at java.awt.EventQueue$4.run(EventQueue.java:731) [?:1.8.0_391]
	at java.security.AccessController.doPrivileged(Native Method) ~[?:1.8.0_391]
	at java.security.ProtectionDomain$JavaSecurityAccessImpl.doIntersectionPrivilege(ProtectionDomain.java:74) [?:1.8.0_391]
	at java.awt.EventQueue.dispatchEvent(EventQueue.java:730) [?:1.8.0_391]
	at java.awt.EventDispatchThread.pumpOneEventForFilters(EventDispatchThread.java:205) [?:1.8.0_391]
	at java.awt.EventDispatchThread.pumpEventsForFilter(EventDispatchThread.java:116) [?:1.8.0_391]
	at java.awt.EventDispatchThread.pumpEventsForHierarchy(EventDispatchThread.java:105) [?:1.8.0_391]
	at java.awt.EventDispatchThread.pumpEvents(EventDispatchThread.java:101) [?:1.8.0_391]
	at java.awt.EventDispatchThread.pumpEvents(EventDispatchThread.java:93) [?:1.8.0_391]
	at java.awt.EventDispatchThread.run(EventDispatchThread.java:82) [?:1.8.0_391]
