2024-06-11 13:54:37,318 INFO o.a.j.u.JMeterUtils: Setting Locale to en_IN
2024-06-11 13:54:37,351 INFO o.a.j.JMeter: Loading user properties from: /Users/masabathulararao/Documents/jmeter-tool/bin/user.properties
2024-06-11 13:54:37,353 INFO o.a.j.JMeter: Loading system properties from: /Users/masabathulararao/Documents/jmeter-tool/bin/system.properties
2024-06-11 13:54:37,353 INFO o.a.j.JMeter: Loading additional properties from: scripts/domain/jupiter.properties
2024-06-11 13:54:37,354 INFO o.a.j.JMeter: Setting JMeter property: load_duration=100
2024-06-11 13:54:37,364 INFO o.a.j.JMeter: Copyright (c) 1998-2023 The Apache Software Foundation
2024-06-11 13:54:37,365 INFO o.a.j.JMeter: Version 5.6.2
2024-06-11 13:54:37,365 INFO o.a.j.JMeter: java.version=1.8.0_391
2024-06-11 13:54:37,365 INFO o.a.j.JMeter: java.vm.name=Java HotSpot(TM) 64-Bit Server VM
2024-06-11 13:54:37,365 INFO o.a.j.JMeter: os.name=Mac OS X
2024-06-11 13:54:37,365 INFO o.a.j.JMeter: os.arch=x86_64
2024-06-11 13:54:37,365 INFO o.a.j.JMeter: os.version=14.4.1
2024-06-11 13:54:37,365 INFO o.a.j.JMeter: file.encoding=UTF-8
2024-06-11 13:54:37,365 INFO o.a.j.JMeter: java.awt.headless=true
2024-06-11 13:54:37,365 INFO o.a.j.JMeter: Max memory     =3817865216
2024-06-11 13:54:37,365 INFO o.a.j.JMeter: Available Processors =10
2024-06-11 13:54:37,371 INFO o.a.j.JMeter: Default Locale=English (India)
2024-06-11 13:54:37,372 INFO o.a.j.JMeter: JMeter  Locale=English (India)
2024-06-11 13:54:37,372 INFO o.a.j.JMeter: JMeterHome=/Users/masabathulararao/Documents/jmeter-tool
2024-06-11 13:54:37,372 INFO o.a.j.JMeter: user.dir  =/Users/masabathulararao/Documents/jmeter-tool
2024-06-11 13:54:37,373 INFO o.a.j.JMeter: PWD       =/Users/masabathulararao/Documents/jmeter-tool
2024-06-11 13:54:37,375 INFO o.a.j.JMeter: IP: 192.168.1.2 Name: masabathularao-mac FullName: 192.168.1.2
2024-06-11 13:54:37,394 INFO o.a.j.JMeter: Setting property 'jmeter.reportgenerator.outputdir' to:'/Users/masabathulararao/Documents/jmeter-tool/reports/ +DURATION+ +curr_time_report'
2024-06-11 13:54:37,397 INFO o.a.j.s.FileServer: Default base='/Users/masabathulararao/Documents/jmeter-tool'
2024-06-11 13:54:37,405 INFO o.a.j.s.FileServer: Set new base='/Users/masabathulararao/Documents/jmeter-tool/scripts'
2024-06-11 13:54:37,562 INFO o.a.j.s.SaveService: Testplan (JMX) version: 2.2. Testlog (JTL) version: 2.2
2024-06-11 13:54:37,781 INFO o.a.j.s.SaveService: Using SaveService properties file encoding UTF-8
2024-06-11 13:54:37,788 INFO o.a.j.s.SaveService: Using SaveService properties version 5.0
2024-06-11 13:54:37,795 INFO o.a.j.s.SaveService: Loading file: scripts/ApiLoad.jmx
2024-06-11 13:54:37,900 INFO o.a.j.p.h.s.HTTPSamplerBase: Parser for text/html is org.apache.jmeter.protocol.http.parser.LagartoBasedHtmlParser
2024-06-11 13:54:37,900 INFO o.a.j.p.h.s.HTTPSamplerBase: Parser for application/xhtml+xml is org.apache.jmeter.protocol.http.parser.LagartoBasedHtmlParser
2024-06-11 13:54:37,900 INFO o.a.j.p.h.s.HTTPSamplerBase: Parser for application/xml is org.apache.jmeter.protocol.http.parser.LagartoBasedHtmlParser
2024-06-11 13:54:37,900 INFO o.a.j.p.h.s.HTTPSamplerBase: Parser for text/xml is org.apache.jmeter.protocol.http.parser.LagartoBasedHtmlParser
2024-06-11 13:54:37,900 INFO o.a.j.p.h.s.HTTPSamplerBase: Parser for text/vnd.wap.wml is org.apache.jmeter.protocol.http.parser.RegexpHTMLParser
2024-06-11 13:54:37,900 INFO o.a.j.p.h.s.HTTPSamplerBase: Parser for text/css is org.apache.jmeter.protocol.http.parser.CssParser
2024-06-11 13:54:39,241 INFO o.a.j.JMeter: Creating summariser <summary>
2024-06-11 13:54:39,248 INFO o.a.j.r.d.ReportGenerator: ReportGenerator will use for Parsing the separator: ','
2024-06-11 13:54:39,248 INFO o.a.j.r.d.ReportGenerator: Will generate report at end of test from  results file: reports/jtl/ +DURATION+ +curr_time.jtl
2024-06-11 13:54:39,249 INFO o.a.j.r.d.ReportGenerator: Reading report generator properties from: /Users/masabathulararao/Documents/jmeter-tool/bin/reportgenerator.properties
2024-06-11 13:54:39,250 INFO o.a.j.r.d.ReportGenerator: Merging with JMeter properties
2024-06-11 13:54:39,255 INFO o.a.j.r.c.ReportGeneratorConfiguration: Property 'jmeter.reportgenerator.temp_dir' not found, using default value 'temp' instead.
2024-06-11 13:54:39,261 INFO o.a.j.r.c.ReportGeneratorConfiguration: Property 'jmeter.reportgenerator.apdex_per_transaction' not found, using default value 'null' instead.
2024-06-11 13:54:39,262 INFO o.a.j.r.c.ReportGeneratorConfiguration: apdex_per_transaction is empty, not APDEX per transaction customization
2024-06-11 13:54:39,262 INFO o.a.j.r.c.ReportGeneratorConfiguration: Property 'jmeter.reportgenerator.sample_filter' not found, using default value 'null' instead.
2024-06-11 13:54:39,262 INFO o.a.j.r.c.ReportGeneratorConfiguration: Property 'jmeter.reportgenerator.report_title' not found, using default value 'null' instead.
2024-06-11 13:54:39,262 INFO o.a.j.r.c.ReportGeneratorConfiguration: Property 'jmeter.reportgenerator.start_date' not found, using default value 'null' instead.
2024-06-11 13:54:39,262 INFO o.a.j.r.c.ReportGeneratorConfiguration: Property 'jmeter.reportgenerator.end_date' not found, using default value 'null' instead.
2024-06-11 13:54:39,262 INFO o.a.j.r.c.ReportGeneratorConfiguration: Property 'jmeter.reportgenerator.date_format' not found, using default value 'null' instead.
2024-06-11 13:54:39,264 INFO o.a.j.r.c.ReportGeneratorConfiguration: Will use date range start date: null, end date: null
2024-06-11 13:54:39,268 INFO o.a.j.r.c.ReportGeneratorConfiguration: Property 'jmeter.reportgenerator.graph.totalTPS.exclude_controllers' not found, using default value 'false' instead.
2024-06-11 13:54:39,269 INFO o.a.j.r.c.ReportGeneratorConfiguration: Property 'jmeter.reportgenerator.graph.activeThreadsOverTime.exclude_controllers' not found, using default value 'false' instead.
2024-06-11 13:54:39,269 INFO o.a.j.r.c.ReportGeneratorConfiguration: Property 'jmeter.reportgenerator.graph.timeVsThreads.exclude_controllers' not found, using default value 'false' instead.
2024-06-11 13:54:39,269 INFO o.a.j.r.c.ReportGeneratorConfiguration: Property 'jmeter.reportgenerator.graph.responseTimeDistribution.exclude_controllers' not found, using default value 'false' instead.
2024-06-11 13:54:39,269 INFO o.a.j.r.c.ReportGeneratorConfiguration: Property 'jmeter.reportgenerator.graph.transactionsPerSecond.exclude_controllers' not found, using default value 'false' instead.
2024-06-11 13:54:39,269 INFO o.a.j.r.c.ReportGeneratorConfiguration: Property 'jmeter.reportgenerator.graph.responseTimePercentiles.exclude_controllers' not found, using default value 'false' instead.
2024-06-11 13:54:39,269 INFO o.a.j.r.c.ReportGeneratorConfiguration: Property 'jmeter.reportgenerator.graph.responseTimePercentilesOverTime.exclude_controllers' not found, using default value 'false' instead.
2024-06-11 13:54:39,271 INFO o.a.j.r.c.ReportGeneratorConfiguration: Property 'jmeter.reportgenerator.graph.responseTimesOverTime.exclude_controllers' not found, using default value 'false' instead.
2024-06-11 13:54:39,273 INFO o.a.j.r.c.ReportGeneratorConfiguration: Property 'jmeter.reportgenerator.graph.connectTimeOverTime.exclude_controllers' not found, using default value 'false' instead.
2024-06-11 13:54:39,274 INFO o.a.j.r.c.ReportGeneratorConfiguration: Property 'jmeter.reportgenerator.graph.latenciesOverTime.exclude_controllers' not found, using default value 'false' instead.
2024-06-11 13:54:39,275 INFO o.a.j.r.c.ReportGeneratorConfiguration: Property 'jmeter.reportgenerator.exporter.json.filters_only_sample_series' not found, using default value 'true' instead.
2024-06-11 13:54:39,275 INFO o.a.j.r.c.ReportGeneratorConfiguration: Property 'jmeter.reportgenerator.exporter.json.series_filter' not found, using default value '' instead.
2024-06-11 13:54:39,275 INFO o.a.j.r.c.ReportGeneratorConfiguration: Property 'jmeter.reportgenerator.exporter.json.show_controllers_only' not found, using default value 'false' instead.
2024-06-11 13:54:39,275 INFO o.a.j.r.c.ReportGeneratorConfiguration: Property 'jmeter.reportgenerator.exporter.html.filters_only_sample_series' not found, using default value 'true' instead.
2024-06-11 13:54:39,276 INFO o.a.j.r.c.ReportGeneratorConfiguration: Property 'jmeter.reportgenerator.exporter.html.series_filter' not found, using default value '' instead.
2024-06-11 13:54:39,276 INFO o.a.j.r.c.ReportGeneratorConfiguration: Property 'jmeter.reportgenerator.exporter.html.show_controllers_only' not found, using default value 'false' instead.
2024-06-11 13:54:39,296 INFO o.a.j.e.StandardJMeterEngine: Running the test!
2024-06-11 13:54:39,297 INFO o.a.j.s.SampleEvent: List of sample_variables: []
2024-06-11 13:54:39,297 INFO o.a.j.s.SampleEvent: List of sample_variables: []
2024-06-11 13:54:39,308 INFO o.a.j.e.u.CompoundVariable: Note: Function class names must contain the string: '.functions.'
2024-06-11 13:54:39,308 INFO o.a.j.e.u.CompoundVariable: Note: Function class names must not contain the string: '.gui.'
2024-06-11 13:54:39,532 INFO o.a.j.JMeter: Running test (1718094279532)
2024-06-11 13:54:39,614 INFO o.a.j.e.StandardJMeterEngine: Starting ThreadGroup: 1 : Vulnerabilities
2024-06-11 13:54:39,615 INFO o.a.j.e.StandardJMeterEngine: Starting 1 threads for group Vulnerabilities.
2024-06-11 13:54:39,615 INFO o.a.j.e.StandardJMeterEngine: Thread will continue on error
2024-06-11 13:54:39,616 INFO o.a.j.t.ThreadGroup: Starting thread group... number=1 threads=1 ramp-up=0 delayedStart=false
2024-06-11 13:54:39,641 INFO o.a.j.t.ThreadGroup: Started thread group number 1
2024-06-11 13:54:39,641 INFO o.a.j.e.StandardJMeterEngine: Starting ThreadGroup: 2 : Investigate
2024-06-11 13:54:39,641 INFO o.a.j.e.StandardJMeterEngine: Starting 1 threads for group Investigate.
2024-06-11 13:54:39,641 INFO o.a.j.e.StandardJMeterEngine: Thread will continue on error
2024-06-11 13:54:39,642 INFO o.a.j.t.ThreadGroup: Starting thread group... number=2 threads=1 ramp-up=0 delayedStart=false
2024-06-11 13:54:39,646 INFO o.a.j.t.ThreadGroup: Started thread group number 2
2024-06-11 13:54:39,647 INFO o.a.j.e.StandardJMeterEngine: Starting ThreadGroup: 3 : Compliance
2024-06-11 13:54:39,647 INFO o.a.j.e.StandardJMeterEngine: Starting 1 threads for group Compliance.
2024-06-11 13:54:39,647 INFO o.a.j.e.StandardJMeterEngine: Thread will continue on error
2024-06-11 13:54:39,647 INFO o.a.j.t.ThreadGroup: Starting thread group... number=3 threads=1 ramp-up=0 delayedStart=false
2024-06-11 13:54:39,651 INFO o.a.j.t.ThreadGroup: Started thread group number 3
2024-06-11 13:54:39,653 INFO o.a.j.e.StandardJMeterEngine: All thread groups have been started
2024-06-11 13:54:39,739 INFO o.a.j.t.JMeterThread: Thread started: Compliance 3-1
2024-06-11 13:54:39,745 INFO o.a.j.t.JMeterThread: Thread started: Investigate 2-1
2024-06-11 13:54:39,745 INFO o.a.j.t.JMeterThread: Thread started: Vulnerabilities 1-1
2024-06-11 13:54:39,751 INFO o.a.j.s.FileServer: Stored: csv_inputs/compliance_apis.csv Alias: csv_inputs/compliance_apis.csv@1536593653
2024-06-11 13:54:39,782 INFO o.a.j.s.FileServer: Stored: csv_inputs/vulnerability_apis.csv Alias: csv_inputs/vulnerability_apis.csv@1938267597
2024-06-11 13:54:39,784 INFO o.a.j.s.FileServer: Stored: csv_inputs/investigate_queries.csv Alias: csv_inputs/investigate_queries.csv@2008930739
2024-06-11 13:54:39,822 INFO o.a.j.p.h.s.HTTPHCAbstractImpl: Local host = masabathularao-mac
2024-06-11 13:54:39,828 INFO o.a.j.p.h.s.HTTPHC4Impl: HTTP request retry count = 0
2024-06-11 13:54:39,830 INFO o.a.j.s.SampleResult: Note: Sample TimeStamps are START times
2024-06-11 13:54:39,830 INFO o.a.j.s.SampleResult: sampleresult.default.encoding is set to UTF-8
2024-06-11 13:54:39,830 INFO o.a.j.s.SampleResult: sampleresult.useNanoTime=true
2024-06-11 13:54:39,830 INFO o.a.j.s.SampleResult: sampleresult.nanoThreadSleep=5000
2024-06-11 13:54:40,201 INFO o.a.j.p.h.s.h.LazyLayeredConnectionSocketFactory: Setting up HTTPS TrustAll Socket Factory
2024-06-11 13:54:40,212 INFO o.a.j.u.JsseSSLManager: Using default SSL protocol: TLS
2024-06-11 13:54:40,212 INFO o.a.j.u.JsseSSLManager: SSL session context: per-thread
2024-06-11 13:54:40,807 INFO o.a.j.u.SSLManager: JmeterKeyStore Location:  type JKS
2024-06-11 13:54:40,814 INFO o.a.j.u.SSLManager: KeyStore created OK
2024-06-11 13:54:40,814 WARN o.a.j.u.SSLManager: Keystore file not found, loading empty keystore
2024-06-11 13:55:00,523 INFO o.a.j.r.Summariser: summary +     63 in 00:00:21 =    3.0/s Avg:   533 Min:   257 Max:  2656 Err:     0 (0.00%) Active: 3 Started: 3 Finished: 0
2024-06-11 13:55:30,175 INFO o.a.j.r.Summariser: summary +    167 in 00:00:30 =    5.6/s Avg:   360 Min:   253 Max:  1831 Err:     0 (0.00%) Active: 3 Started: 3 Finished: 0
2024-06-11 13:55:30,176 INFO o.a.j.r.Summariser: summary =    230 in 00:00:51 =    4.5/s Avg:   408 Min:   253 Max:  2656 Err:     0 (0.00%)
2024-06-11 13:56:00,034 INFO o.a.j.r.Summariser: summary +    187 in 00:00:30 =    6.3/s Avg:   353 Min:   255 Max:  1458 Err:     0 (0.00%) Active: 3 Started: 3 Finished: 0
2024-06-11 13:56:00,036 INFO o.a.j.r.Summariser: summary =    417 in 00:01:21 =    5.2/s Avg:   383 Min:   253 Max:  2656 Err:     0 (0.00%)
2024-06-11 13:56:19,648 INFO o.a.j.t.JMeterThread: Stopping because end time detected by thread: Investigate 2-1
2024-06-11 13:56:19,649 INFO o.a.j.t.JMeterThread: Thread finished: Investigate 2-1
2024-06-11 13:56:19,878 INFO o.a.j.t.JMeterThread: Stopping because end time detected by thread: Vulnerabilities 1-1
2024-06-11 13:56:19,882 INFO o.a.j.t.JMeterThread: Thread finished: Vulnerabilities 1-1
2024-06-11 13:56:20,293 INFO o.a.j.t.JMeterThread: Stopping because end time detected by thread: Compliance 3-1
2024-06-11 13:56:20,300 INFO o.a.j.t.JMeterThread: Thread finished: Compliance 3-1
2024-06-11 13:56:20,301 INFO o.a.j.e.StandardJMeterEngine: Notifying test listeners of end of test
2024-06-11 13:56:20,302 INFO o.a.j.s.FileServer: Close: csv_inputs/vulnerability_apis.csv@1938267597
2024-06-11 13:56:20,302 INFO o.a.j.s.FileServer: Close: csv_inputs/investigate_queries.csv@2008930739
2024-06-11 13:56:20,302 INFO o.a.j.s.FileServer: Close: csv_inputs/compliance_apis.csv@1536593653
2024-06-11 13:56:20,305 INFO o.a.j.r.Summariser: summary +    105 in 00:00:20 =    5.2/s Avg:   378 Min:   259 Max:  1195 Err:     0 (0.00%) Active: 0 Started: 3 Finished: 3
2024-06-11 13:56:20,306 INFO o.a.j.r.Summariser: summary =    522 in 00:01:41 =    5.2/s Avg:   382 Min:   253 Max:  2656 Err:     0 (0.00%)
2024-06-11 13:56:20,307 INFO o.a.j.JMeter: Generating Dashboard
2024-06-11 13:56:20,308 INFO o.a.j.r.d.ReportGenerator: Flushing result collector before report Generation
2024-06-11 13:56:20,336 INFO o.a.j.r.p.NormalizerSampleConsumer: Using format, 'ms', to parse timeStamp field
2024-06-11 13:56:20,566 INFO o.a.j.r.p.AbstractSampleConsumer: class org.apache.jmeter.report.processor.AggregateConsumer#stopProducing(): beginDate produced 0 samples
2024-06-11 13:56:20,567 INFO o.a.j.r.p.AbstractSampleConsumer: class org.apache.jmeter.report.processor.AggregateConsumer#stopProducing(): endDate produced 0 samples
2024-06-11 13:56:20,571 INFO o.a.j.r.p.AbstractSampleConsumer: class org.apache.jmeter.report.processor.ApdexSummaryConsumer#stopProducing(): apdexSummary produced 0 samples
2024-06-11 13:56:20,572 INFO o.a.j.r.p.AbstractSampleConsumer: class org.apache.jmeter.report.processor.RequestsSummaryConsumer#stopProducing(): requestsSummary produced 0 samples
2024-06-11 13:56:20,580 INFO o.a.j.r.p.AbstractSampleConsumer: class org.apache.jmeter.report.processor.StatisticsSummaryConsumer#stopProducing(): statisticsSummary produced 0 samples
2024-06-11 13:56:20,594 INFO o.a.j.r.p.AbstractSampleConsumer: class org.apache.jmeter.report.processor.Top5ErrorsBySamplerConsumer#stopProducing(): top5ErrorsBySampler produced 0 samples
2024-06-11 13:56:20,595 INFO o.a.j.r.p.AbstractSampleConsumer: class org.apache.jmeter.report.processor.ErrorsSummaryConsumer#stopProducing(): errorsSummary produced 0 samples
2024-06-11 13:56:20,595 INFO o.a.j.r.p.AbstractSampleConsumer: class org.apache.jmeter.report.processor.graph.impl.HitsPerSecondGraphConsumer#stopProducing(): hitsPerSecond produced 0 samples
2024-06-11 13:56:20,663 INFO o.a.j.r.p.AbstractSampleConsumer: class org.apache.jmeter.report.processor.graph.impl.LatencyVSRequestGraphConsumer#stopProducing(): latencyVsRequest produced 0 samples
2024-06-11 13:56:20,665 INFO o.a.j.r.p.AbstractSampleConsumer: class org.apache.jmeter.report.processor.graph.impl.SyntheticResponseTimeDistributionGraphConsumer#stopProducing(): syntheticResponseTimeDistribution produced 0 samples
2024-06-11 13:56:20,667 INFO o.a.j.r.p.AbstractSampleConsumer: class org.apache.jmeter.report.processor.graph.impl.BytesThroughputGraphConsumer#stopProducing(): bytesThroughputOverTime produced 0 samples
2024-06-11 13:56:20,667 INFO o.a.j.r.p.AbstractSampleConsumer: class org.apache.jmeter.report.processor.graph.impl.CodesPerSecondGraphConsumer#stopProducing(): codesPerSecond produced 0 samples
2024-06-11 13:56:20,687 INFO o.a.j.r.p.AbstractSampleConsumer: class org.apache.jmeter.report.processor.graph.impl.ResponseTimeVSRequestGraphConsumer#stopProducing(): responseTimeVsRequest produced 0 samples
2024-06-11 13:56:20,688 INFO o.a.j.r.p.AbstractSampleConsumer: class org.apache.jmeter.report.processor.FilterConsumer#stopProducing(): startIntervalControlerFilter produced 3654 samples
2024-06-11 13:56:20,688 INFO o.a.j.r.p.AbstractSampleConsumer: class org.apache.jmeter.report.processor.graph.impl.TotalTPSGraphConsumer#stopProducing(): totalTPS produced 0 samples
2024-06-11 13:56:20,688 INFO o.a.j.r.p.AbstractSampleConsumer: class org.apache.jmeter.report.processor.graph.impl.ActiveThreadsGraphConsumer#stopProducing(): activeThreadsOverTime produced 0 samples
2024-06-11 13:56:20,688 INFO o.a.j.r.p.AbstractSampleConsumer: class org.apache.jmeter.report.processor.graph.impl.TimeVSThreadGraphConsumer#stopProducing(): timeVsThreads produced 0 samples
2024-06-11 13:56:20,693 INFO o.a.j.r.p.AbstractSampleConsumer: class org.apache.jmeter.report.processor.graph.impl.ResponseTimeDistributionGraphConsumer#stopProducing(): responseTimeDistribution produced 0 samples
2024-06-11 13:56:20,694 INFO o.a.j.r.p.AbstractSampleConsumer: class org.apache.jmeter.report.processor.graph.impl.TransactionsPerSecondGraphConsumer#stopProducing(): transactionsPerSecond produced 0 samples
2024-06-11 13:56:20,695 INFO o.a.j.r.p.AbstractSampleConsumer: class org.apache.jmeter.report.processor.graph.impl.ResponseTimePercentilesGraphConsumer#stopProducing(): responseTimePercentiles produced 0 samples
2024-06-11 13:56:20,718 INFO o.a.j.r.p.AbstractSampleConsumer: class org.apache.jmeter.report.processor.graph.impl.ResponseTimePercentilesOverTimeGraphConsumer#stopProducing(): responseTimePercentilesOverTime produced 0 samples
2024-06-11 13:56:20,726 INFO o.a.j.r.p.AbstractSampleConsumer: class org.apache.jmeter.report.processor.graph.impl.ResponseTimeOverTimeGraphConsumer#stopProducing(): responseTimesOverTime produced 0 samples
2024-06-11 13:56:20,727 INFO o.a.j.r.p.AbstractSampleConsumer: class org.apache.jmeter.report.processor.graph.impl.ConnectTimeOverTimeGraphConsumer#stopProducing(): connectTimeOverTime produced 0 samples
2024-06-11 13:56:20,727 INFO o.a.j.r.p.AbstractSampleConsumer: class org.apache.jmeter.report.processor.graph.impl.LatencyOverTimeGraphConsumer#stopProducing(): latenciesOverTime produced 0 samples
2024-06-11 13:56:20,727 INFO o.a.j.r.p.AbstractSampleConsumer: class org.apache.jmeter.report.processor.FilterConsumer#stopProducing(): nameFilter produced 7830 samples
2024-06-11 13:56:20,727 INFO o.a.j.r.p.AbstractSampleConsumer: class org.apache.jmeter.report.processor.FilterConsumer#stopProducing(): dateRangeFilter produced 1566 samples
2024-06-11 13:56:20,727 INFO o.a.j.r.p.AbstractSampleConsumer: class org.apache.jmeter.report.processor.NormalizerSampleConsumer#stopProducing(): normalizer produced 522 samples
2024-06-11 13:56:20,729 INFO o.a.j.r.p.CsvFileSampleSource: produce(): 522 samples produced in 365ms on channel 0
2024-06-11 13:56:20,730 INFO o.a.j.r.d.ReportGenerator: Exporting data using exporter:'json' of className:'org.apache.jmeter.report.dashboard.JsonExporter'
2024-06-11 13:56:20,875 INFO o.a.j.r.d.JsonExporter: Found data for consumer statisticsSummary in context
2024-06-11 13:56:20,875 INFO o.a.j.r.d.JsonExporter: Creating statistics for overall
2024-06-11 13:56:20,876 INFO o.a.j.r.d.JsonExporter: Creating statistics for other transactions
2024-06-11 13:56:20,879 INFO o.a.j.r.d.JsonExporter: Checking output folder
2024-06-11 13:56:20,880 INFO o.a.j.r.d.JsonExporter: Writing statistics JSON to /Users/masabathulararao/Documents/jmeter-tool/reports/ +DURATION+ +curr_time_report/statistics.json
2024-06-11 13:56:20,965 INFO o.a.j.r.d.ReportGenerator: Exporting data using exporter:'html' of className:'org.apache.jmeter.report.dashboard.HtmlTemplateExporter'
2024-06-11 13:56:20,984 INFO o.a.j.r.d.HtmlTemplateExporter: Will generate dashboard in folder: /Users/masabathulararao/Documents/jmeter-tool/reports/ +DURATION+ +curr_time_report
2024-06-11 13:56:21,263 INFO o.a.j.r.d.HtmlTemplateExporter: Report will be generated in: /Users/masabathulararao/Documents/jmeter-tool/reports/ +DURATION+ +curr_time_report, creating folder structure
2024-06-11 13:56:21,268 INFO o.a.j.r.d.TemplateVisitor: Copying folder from '/Users/masabathulararao/Documents/jmeter-tool/bin/report-template' to '/Users/masabathulararao/Documents/jmeter-tool/reports/ +DURATION+ +curr_time_report', got message: /Users/masabathulararao/Documents/jmeter-tool/reports/ +DURATION+ +curr_time_report, found non empty folder with following content [/Users/masabathulararao/Documents/jmeter-tool/reports/ +DURATION+ +curr_time_report/statistics.json], will be ignored
2024-06-11 13:56:21,585 INFO o.a.j.JMeter: Dashboard generated
